08-27-2022 14:57:47 : INFO : loggers : Successfully Instantiated Preprocessing Class Object
08-27-2022 14:58:01 : INFO : loggers : Successfully Instantiated Preprocessing Class Object
08-27-2022 14:58:01 : INFO : loggers : Successfully Instantiated Preprocessing Class Object
08-27-2022 14:58:11 : INFO : loggers : Successfully Instantiated Preprocessing Class Object
08-27-2022 14:58:11 : INFO : loggers : Successfully Instantiated Preprocessing Class Object
08-27-2022 14:58:11 : INFO : loggers : Successfully Instantiated Preprocessing Class Object
08-27-2022 14:58:27 : INFO : loggers : Successfully Instantiated Preprocessing Class Object
08-27-2022 14:58:27 : INFO : loggers : Successfully Instantiated Preprocessing Class Object
08-27-2022 14:58:27 : INFO : loggers : Successfully Instantiated Preprocessing Class Object
08-27-2022 14:58:27 : INFO : loggers : Successfully Instantiated Preprocessing Class Object
08-27-2022 14:58:28 : INFO : loggers : Plotting a histogram
08-27-2022 14:58:28 : INFO : loggers : Plotting a histogram
08-27-2022 14:58:28 : INFO : loggers : Plotting a histogram
08-27-2022 14:58:28 : INFO : loggers : Plotting a histogram
08-27-2022 15:00:05 : INFO : loggers : Successfully Instantiated Preprocessing Class Object
08-27-2022 15:00:05 : INFO : loggers : Successfully Instantiated Preprocessing Class Object
08-27-2022 15:00:05 : INFO : loggers : Successfully Instantiated Preprocessing Class Object
08-27-2022 15:00:05 : INFO : loggers : Successfully Instantiated Preprocessing Class Object
08-27-2022 15:00:05 : INFO : loggers : Successfully Instantiated Preprocessing Class Object
08-27-2022 15:00:06 : INFO : loggers : Plotting a histogram
08-27-2022 15:00:06 : INFO : loggers : Plotting a histogram
08-27-2022 15:00:06 : INFO : loggers : Plotting a histogram
08-27-2022 15:00:06 : INFO : loggers : Plotting a histogram
08-27-2022 15:00:06 : INFO : loggers : Plotting a histogram
08-27-2022 15:01:51 : INFO : loggers : Successfully Instantiated Preprocessing Class Object
08-27-2022 15:01:51 : INFO : loggers : Successfully Instantiated Preprocessing Class Object
08-27-2022 15:01:51 : INFO : loggers : Successfully Instantiated Preprocessing Class Object
08-27-2022 15:01:51 : INFO : loggers : Successfully Instantiated Preprocessing Class Object
08-27-2022 15:01:51 : INFO : loggers : Successfully Instantiated Preprocessing Class Object
08-27-2022 15:01:51 : INFO : loggers : Successfully Instantiated Preprocessing Class Object
08-27-2022 15:01:52 : INFO : loggers : Plotting a histogram
08-27-2022 15:01:52 : INFO : loggers : Plotting a histogram
08-27-2022 15:01:52 : INFO : loggers : Plotting a histogram
08-27-2022 15:01:52 : INFO : loggers : Plotting a histogram
08-27-2022 15:01:52 : INFO : loggers : Plotting a histogram
08-27-2022 15:01:52 : INFO : loggers : Plotting a histogram
08-27-2022 15:02:27 : INFO : loggers : Successfully Instantiated Preprocessing Class Object
08-27-2022 15:02:27 : INFO : loggers : Successfully Instantiated Preprocessing Class Object
08-27-2022 15:02:27 : INFO : loggers : Successfully Instantiated Preprocessing Class Object
08-27-2022 15:02:27 : INFO : loggers : Successfully Instantiated Preprocessing Class Object
08-27-2022 15:02:27 : INFO : loggers : Successfully Instantiated Preprocessing Class Object
08-27-2022 15:02:27 : INFO : loggers : Successfully Instantiated Preprocessing Class Object
08-27-2022 15:02:27 : INFO : loggers : Successfully Instantiated Preprocessing Class Object
08-27-2022 15:02:29 : INFO : loggers : Plotting a histogram
08-27-2022 15:02:29 : INFO : loggers : Plotting a histogram
08-27-2022 15:02:29 : INFO : loggers : Plotting a histogram
08-27-2022 15:02:29 : INFO : loggers : Plotting a histogram
08-27-2022 15:02:29 : INFO : loggers : Plotting a histogram
08-27-2022 15:02:29 : INFO : loggers : Plotting a histogram
08-27-2022 15:02:29 : INFO : loggers : Plotting a histogram
08-27-2022 15:03:14 : INFO : loggers : Successfully Instantiated Preprocessing Class Object
08-27-2022 15:03:14 : INFO : loggers : Successfully Instantiated Preprocessing Class Object
08-27-2022 15:03:14 : INFO : loggers : Successfully Instantiated Preprocessing Class Object
08-27-2022 15:03:14 : INFO : loggers : Successfully Instantiated Preprocessing Class Object
08-27-2022 15:03:14 : INFO : loggers : Successfully Instantiated Preprocessing Class Object
08-27-2022 15:03:14 : INFO : loggers : Successfully Instantiated Preprocessing Class Object
08-27-2022 15:03:14 : INFO : loggers : Successfully Instantiated Preprocessing Class Object
08-27-2022 15:03:14 : INFO : loggers : Successfully Instantiated Preprocessing Class Object
08-27-2022 15:03:15 : INFO : loggers : Plotting a histogram
08-27-2022 15:03:15 : INFO : loggers : Plotting a histogram
08-27-2022 15:03:15 : INFO : loggers : Plotting a histogram
08-27-2022 15:03:15 : INFO : loggers : Plotting a histogram
08-27-2022 15:03:15 : INFO : loggers : Plotting a histogram
08-27-2022 15:03:15 : INFO : loggers : Plotting a histogram
08-27-2022 15:03:15 : INFO : loggers : Plotting a histogram
08-27-2022 15:03:15 : INFO : loggers : Plotting a histogram
08-27-2022 15:03:41 : INFO : loggers : Successfully Instantiated Preprocessing Class Object
08-27-2022 15:03:41 : INFO : loggers : Successfully Instantiated Preprocessing Class Object
08-27-2022 15:03:41 : INFO : loggers : Successfully Instantiated Preprocessing Class Object
08-27-2022 15:03:41 : INFO : loggers : Successfully Instantiated Preprocessing Class Object
08-27-2022 15:03:41 : INFO : loggers : Successfully Instantiated Preprocessing Class Object
08-27-2022 15:03:41 : INFO : loggers : Successfully Instantiated Preprocessing Class Object
08-27-2022 15:03:41 : INFO : loggers : Successfully Instantiated Preprocessing Class Object
08-27-2022 15:03:41 : INFO : loggers : Successfully Instantiated Preprocessing Class Object
08-27-2022 15:03:41 : INFO : loggers : Successfully Instantiated Preprocessing Class Object
08-27-2022 15:03:43 : INFO : loggers : Plotting a histogram
08-27-2022 15:03:43 : INFO : loggers : Plotting a histogram
08-27-2022 15:03:43 : INFO : loggers : Plotting a histogram
08-27-2022 15:03:43 : INFO : loggers : Plotting a histogram
08-27-2022 15:03:43 : INFO : loggers : Plotting a histogram
08-27-2022 15:03:43 : INFO : loggers : Plotting a histogram
08-27-2022 15:03:43 : INFO : loggers : Plotting a histogram
08-27-2022 15:03:43 : INFO : loggers : Plotting a histogram
08-27-2022 15:03:43 : INFO : loggers : Plotting a histogram
08-27-2022 15:04:09 : INFO : loggers : Successfully Instantiated Preprocessing Class Object
08-27-2022 15:04:09 : INFO : loggers : Successfully Instantiated Preprocessing Class Object
08-27-2022 15:04:09 : INFO : loggers : Successfully Instantiated Preprocessing Class Object
08-27-2022 15:04:09 : INFO : loggers : Successfully Instantiated Preprocessing Class Object
08-27-2022 15:04:09 : INFO : loggers : Successfully Instantiated Preprocessing Class Object
08-27-2022 15:04:09 : INFO : loggers : Successfully Instantiated Preprocessing Class Object
08-27-2022 15:04:09 : INFO : loggers : Successfully Instantiated Preprocessing Class Object
08-27-2022 15:04:09 : INFO : loggers : Successfully Instantiated Preprocessing Class Object
08-27-2022 15:04:09 : INFO : loggers : Successfully Instantiated Preprocessing Class Object
08-27-2022 15:04:09 : INFO : loggers : Successfully Instantiated Preprocessing Class Object
08-27-2022 15:04:10 : INFO : loggers : Plotting a histogram
08-27-2022 15:04:10 : INFO : loggers : Plotting a histogram
08-27-2022 15:04:10 : INFO : loggers : Plotting a histogram
08-27-2022 15:04:10 : INFO : loggers : Plotting a histogram
08-27-2022 15:04:10 : INFO : loggers : Plotting a histogram
08-27-2022 15:04:10 : INFO : loggers : Plotting a histogram
08-27-2022 15:04:10 : INFO : loggers : Plotting a histogram
08-27-2022 15:04:10 : INFO : loggers : Plotting a histogram
08-27-2022 15:04:10 : INFO : loggers : Plotting a histogram
08-27-2022 15:04:10 : INFO : loggers : Plotting a histogram
08-27-2022 15:04:36 : INFO : loggers : Successfully Instantiated Preprocessing Class Object
08-27-2022 15:04:36 : INFO : loggers : Successfully Instantiated Preprocessing Class Object
08-27-2022 15:04:36 : INFO : loggers : Successfully Instantiated Preprocessing Class Object
08-27-2022 15:04:36 : INFO : loggers : Successfully Instantiated Preprocessing Class Object
08-27-2022 15:04:36 : INFO : loggers : Successfully Instantiated Preprocessing Class Object
08-27-2022 15:04:36 : INFO : loggers : Successfully Instantiated Preprocessing Class Object
08-27-2022 15:04:36 : INFO : loggers : Successfully Instantiated Preprocessing Class Object
08-27-2022 15:04:36 : INFO : loggers : Successfully Instantiated Preprocessing Class Object
08-27-2022 15:04:36 : INFO : loggers : Successfully Instantiated Preprocessing Class Object
08-27-2022 15:04:36 : INFO : loggers : Successfully Instantiated Preprocessing Class Object
08-27-2022 15:04:36 : INFO : loggers : Successfully Instantiated Preprocessing Class Object
08-27-2022 15:04:37 : INFO : loggers : Plotting a histogram
08-27-2022 15:04:37 : INFO : loggers : Plotting a histogram
08-27-2022 15:04:37 : INFO : loggers : Plotting a histogram
08-27-2022 15:04:37 : INFO : loggers : Plotting a histogram
08-27-2022 15:04:37 : INFO : loggers : Plotting a histogram
08-27-2022 15:04:37 : INFO : loggers : Plotting a histogram
08-27-2022 15:04:37 : INFO : loggers : Plotting a histogram
08-27-2022 15:04:37 : INFO : loggers : Plotting a histogram
08-27-2022 15:04:37 : INFO : loggers : Plotting a histogram
08-27-2022 15:04:37 : INFO : loggers : Plotting a histogram
08-27-2022 15:04:37 : INFO : loggers : Plotting a histogram
08-27-2022 15:07:33 : INFO : loggers : Successfully Instantiated Preprocessing Class Object
08-27-2022 15:07:33 : INFO : loggers : Successfully Instantiated Preprocessing Class Object
08-27-2022 15:07:33 : INFO : loggers : Successfully Instantiated Preprocessing Class Object
08-27-2022 15:07:33 : INFO : loggers : Successfully Instantiated Preprocessing Class Object
08-27-2022 15:07:33 : INFO : loggers : Successfully Instantiated Preprocessing Class Object
08-27-2022 15:07:33 : INFO : loggers : Successfully Instantiated Preprocessing Class Object
08-27-2022 15:07:33 : INFO : loggers : Successfully Instantiated Preprocessing Class Object
08-27-2022 15:07:33 : INFO : loggers : Successfully Instantiated Preprocessing Class Object
08-27-2022 15:07:33 : INFO : loggers : Successfully Instantiated Preprocessing Class Object
08-27-2022 15:07:33 : INFO : loggers : Successfully Instantiated Preprocessing Class Object
08-27-2022 15:07:33 : INFO : loggers : Successfully Instantiated Preprocessing Class Object
08-27-2022 15:07:33 : INFO : loggers : Successfully Instantiated Preprocessing Class Object
08-27-2022 15:07:33 : INFO : loggers : Plotting a scatter plot
08-27-2022 15:07:33 : INFO : loggers : Plotting a scatter plot
08-27-2022 15:07:33 : INFO : loggers : Plotting a scatter plot
08-27-2022 15:07:33 : INFO : loggers : Plotting a scatter plot
08-27-2022 15:07:33 : INFO : loggers : Plotting a scatter plot
08-27-2022 15:07:33 : INFO : loggers : Plotting a scatter plot
08-27-2022 15:07:33 : INFO : loggers : Plotting a scatter plot
08-27-2022 15:07:33 : INFO : loggers : Plotting a scatter plot
08-27-2022 15:07:33 : INFO : loggers : Plotting a scatter plot
08-27-2022 15:07:33 : INFO : loggers : Plotting a scatter plot
08-27-2022 15:07:33 : INFO : loggers : Plotting a scatter plot
08-27-2022 15:07:33 : INFO : loggers : Plotting a scatter plot
08-27-2022 15:08:37 : INFO : loggers : Successfully Instantiated Preprocessing Class Object
08-27-2022 15:08:37 : INFO : loggers : Successfully Instantiated Preprocessing Class Object
08-27-2022 15:08:37 : INFO : loggers : Successfully Instantiated Preprocessing Class Object
08-27-2022 15:08:37 : INFO : loggers : Successfully Instantiated Preprocessing Class Object
08-27-2022 15:08:37 : INFO : loggers : Successfully Instantiated Preprocessing Class Object
08-27-2022 15:08:37 : INFO : loggers : Successfully Instantiated Preprocessing Class Object
08-27-2022 15:08:37 : INFO : loggers : Successfully Instantiated Preprocessing Class Object
08-27-2022 15:08:37 : INFO : loggers : Successfully Instantiated Preprocessing Class Object
08-27-2022 15:08:37 : INFO : loggers : Successfully Instantiated Preprocessing Class Object
08-27-2022 15:08:37 : INFO : loggers : Successfully Instantiated Preprocessing Class Object
08-27-2022 15:08:37 : INFO : loggers : Successfully Instantiated Preprocessing Class Object
08-27-2022 15:08:37 : INFO : loggers : Successfully Instantiated Preprocessing Class Object
08-27-2022 15:08:37 : INFO : loggers : Successfully Instantiated Preprocessing Class Object
08-27-2022 15:08:38 : INFO : loggers : Plotting a scatter plot
08-27-2022 15:08:38 : INFO : loggers : Plotting a scatter plot
08-27-2022 15:08:38 : INFO : loggers : Plotting a scatter plot
08-27-2022 15:08:38 : INFO : loggers : Plotting a scatter plot
08-27-2022 15:08:38 : INFO : loggers : Plotting a scatter plot
08-27-2022 15:08:38 : INFO : loggers : Plotting a scatter plot
08-27-2022 15:08:38 : INFO : loggers : Plotting a scatter plot
08-27-2022 15:08:38 : INFO : loggers : Plotting a scatter plot
08-27-2022 15:08:38 : INFO : loggers : Plotting a scatter plot
08-27-2022 15:08:38 : INFO : loggers : Plotting a scatter plot
08-27-2022 15:08:38 : INFO : loggers : Plotting a scatter plot
08-27-2022 15:08:38 : INFO : loggers : Plotting a scatter plot
08-27-2022 15:08:38 : INFO : loggers : Plotting a scatter plot
08-27-2022 15:09:01 : INFO : loggers : Successfully Instantiated Preprocessing Class Object
08-27-2022 15:09:01 : INFO : loggers : Successfully Instantiated Preprocessing Class Object
08-27-2022 15:09:01 : INFO : loggers : Successfully Instantiated Preprocessing Class Object
08-27-2022 15:09:01 : INFO : loggers : Successfully Instantiated Preprocessing Class Object
08-27-2022 15:09:01 : INFO : loggers : Successfully Instantiated Preprocessing Class Object
08-27-2022 15:09:01 : INFO : loggers : Successfully Instantiated Preprocessing Class Object
08-27-2022 15:09:01 : INFO : loggers : Successfully Instantiated Preprocessing Class Object
08-27-2022 15:09:01 : INFO : loggers : Successfully Instantiated Preprocessing Class Object
08-27-2022 15:09:01 : INFO : loggers : Successfully Instantiated Preprocessing Class Object
08-27-2022 15:09:01 : INFO : loggers : Successfully Instantiated Preprocessing Class Object
08-27-2022 15:09:01 : INFO : loggers : Successfully Instantiated Preprocessing Class Object
08-27-2022 15:09:01 : INFO : loggers : Successfully Instantiated Preprocessing Class Object
08-27-2022 15:09:01 : INFO : loggers : Successfully Instantiated Preprocessing Class Object
08-27-2022 15:09:01 : INFO : loggers : Successfully Instantiated Preprocessing Class Object
08-27-2022 15:09:12 : INFO : loggers : Successfully Instantiated Preprocessing Class Object
08-27-2022 15:09:12 : INFO : loggers : Successfully Instantiated Preprocessing Class Object
08-27-2022 15:09:12 : INFO : loggers : Successfully Instantiated Preprocessing Class Object
08-27-2022 15:09:12 : INFO : loggers : Successfully Instantiated Preprocessing Class Object
08-27-2022 15:09:12 : INFO : loggers : Successfully Instantiated Preprocessing Class Object
08-27-2022 15:09:12 : INFO : loggers : Successfully Instantiated Preprocessing Class Object
08-27-2022 15:09:12 : INFO : loggers : Successfully Instantiated Preprocessing Class Object
08-27-2022 15:09:12 : INFO : loggers : Successfully Instantiated Preprocessing Class Object
08-27-2022 15:09:12 : INFO : loggers : Successfully Instantiated Preprocessing Class Object
08-27-2022 15:09:12 : INFO : loggers : Successfully Instantiated Preprocessing Class Object
08-27-2022 15:09:12 : INFO : loggers : Successfully Instantiated Preprocessing Class Object
08-27-2022 15:09:12 : INFO : loggers : Successfully Instantiated Preprocessing Class Object
08-27-2022 15:09:12 : INFO : loggers : Successfully Instantiated Preprocessing Class Object
08-27-2022 15:09:12 : INFO : loggers : Successfully Instantiated Preprocessing Class Object
08-27-2022 15:09:12 : INFO : loggers : Successfully Instantiated Preprocessing Class Object
08-27-2022 15:09:12 : INFO : loggers : Plotting a scatter plot
08-27-2022 15:09:12 : INFO : loggers : Plotting a scatter plot
08-27-2022 15:09:12 : INFO : loggers : Plotting a scatter plot
08-27-2022 15:09:12 : INFO : loggers : Plotting a scatter plot
08-27-2022 15:09:12 : INFO : loggers : Plotting a scatter plot
08-27-2022 15:09:12 : INFO : loggers : Plotting a scatter plot
08-27-2022 15:09:12 : INFO : loggers : Plotting a scatter plot
08-27-2022 15:09:12 : INFO : loggers : Plotting a scatter plot
08-27-2022 15:09:12 : INFO : loggers : Plotting a scatter plot
08-27-2022 15:09:12 : INFO : loggers : Plotting a scatter plot
08-27-2022 15:09:12 : INFO : loggers : Plotting a scatter plot
08-27-2022 15:09:12 : INFO : loggers : Plotting a scatter plot
08-27-2022 15:09:12 : INFO : loggers : Plotting a scatter plot
08-27-2022 15:09:12 : INFO : loggers : Plotting a scatter plot
08-27-2022 15:09:12 : INFO : loggers : Plotting a scatter plot
08-27-2022 15:09:47 : INFO : loggers : Successfully Instantiated Preprocessing Class Object
08-27-2022 15:09:47 : INFO : loggers : Successfully Instantiated Preprocessing Class Object
08-27-2022 15:09:47 : INFO : loggers : Successfully Instantiated Preprocessing Class Object
08-27-2022 15:09:47 : INFO : loggers : Successfully Instantiated Preprocessing Class Object
08-27-2022 15:09:47 : INFO : loggers : Successfully Instantiated Preprocessing Class Object
08-27-2022 15:09:47 : INFO : loggers : Successfully Instantiated Preprocessing Class Object
08-27-2022 15:09:47 : INFO : loggers : Successfully Instantiated Preprocessing Class Object
08-27-2022 15:09:47 : INFO : loggers : Successfully Instantiated Preprocessing Class Object
08-27-2022 15:09:47 : INFO : loggers : Successfully Instantiated Preprocessing Class Object
08-27-2022 15:09:47 : INFO : loggers : Successfully Instantiated Preprocessing Class Object
08-27-2022 15:09:47 : INFO : loggers : Successfully Instantiated Preprocessing Class Object
08-27-2022 15:09:47 : INFO : loggers : Successfully Instantiated Preprocessing Class Object
08-27-2022 15:09:47 : INFO : loggers : Successfully Instantiated Preprocessing Class Object
08-27-2022 15:09:47 : INFO : loggers : Successfully Instantiated Preprocessing Class Object
08-27-2022 15:09:47 : INFO : loggers : Successfully Instantiated Preprocessing Class Object
08-27-2022 15:09:47 : INFO : loggers : Successfully Instantiated Preprocessing Class Object
08-27-2022 15:09:47 : INFO : loggers : Plotting a scatter plot
08-27-2022 15:09:47 : INFO : loggers : Plotting a scatter plot
08-27-2022 15:09:47 : INFO : loggers : Plotting a scatter plot
08-27-2022 15:09:47 : INFO : loggers : Plotting a scatter plot
08-27-2022 15:09:47 : INFO : loggers : Plotting a scatter plot
08-27-2022 15:09:47 : INFO : loggers : Plotting a scatter plot
08-27-2022 15:09:47 : INFO : loggers : Plotting a scatter plot
08-27-2022 15:09:47 : INFO : loggers : Plotting a scatter plot
08-27-2022 15:09:47 : INFO : loggers : Plotting a scatter plot
08-27-2022 15:09:47 : INFO : loggers : Plotting a scatter plot
08-27-2022 15:09:47 : INFO : loggers : Plotting a scatter plot
08-27-2022 15:09:47 : INFO : loggers : Plotting a scatter plot
08-27-2022 15:09:47 : INFO : loggers : Plotting a scatter plot
08-27-2022 15:09:47 : INFO : loggers : Plotting a scatter plot
08-27-2022 15:09:47 : INFO : loggers : Plotting a scatter plot
08-27-2022 15:09:47 : INFO : loggers : Plotting a scatter plot
08-27-2022 15:10:22 : INFO : loggers : Successfully Instantiated Preprocessing Class Object
08-27-2022 15:10:22 : INFO : loggers : Successfully Instantiated Preprocessing Class Object
08-27-2022 15:10:22 : INFO : loggers : Successfully Instantiated Preprocessing Class Object
08-27-2022 15:10:22 : INFO : loggers : Successfully Instantiated Preprocessing Class Object
08-27-2022 15:10:22 : INFO : loggers : Successfully Instantiated Preprocessing Class Object
08-27-2022 15:10:22 : INFO : loggers : Successfully Instantiated Preprocessing Class Object
08-27-2022 15:10:22 : INFO : loggers : Successfully Instantiated Preprocessing Class Object
08-27-2022 15:10:22 : INFO : loggers : Successfully Instantiated Preprocessing Class Object
08-27-2022 15:10:22 : INFO : loggers : Successfully Instantiated Preprocessing Class Object
08-27-2022 15:10:22 : INFO : loggers : Successfully Instantiated Preprocessing Class Object
08-27-2022 15:10:22 : INFO : loggers : Successfully Instantiated Preprocessing Class Object
08-27-2022 15:10:22 : INFO : loggers : Successfully Instantiated Preprocessing Class Object
08-27-2022 15:10:22 : INFO : loggers : Successfully Instantiated Preprocessing Class Object
08-27-2022 15:10:22 : INFO : loggers : Successfully Instantiated Preprocessing Class Object
08-27-2022 15:10:22 : INFO : loggers : Successfully Instantiated Preprocessing Class Object
08-27-2022 15:10:22 : INFO : loggers : Successfully Instantiated Preprocessing Class Object
08-27-2022 15:10:22 : INFO : loggers : Successfully Instantiated Preprocessing Class Object
08-27-2022 15:10:22 : INFO : loggers : Plotting a scatter plot
08-27-2022 15:10:22 : INFO : loggers : Plotting a scatter plot
08-27-2022 15:10:22 : INFO : loggers : Plotting a scatter plot
08-27-2022 15:10:22 : INFO : loggers : Plotting a scatter plot
08-27-2022 15:10:22 : INFO : loggers : Plotting a scatter plot
08-27-2022 15:10:22 : INFO : loggers : Plotting a scatter plot
08-27-2022 15:10:22 : INFO : loggers : Plotting a scatter plot
08-27-2022 15:10:22 : INFO : loggers : Plotting a scatter plot
08-27-2022 15:10:22 : INFO : loggers : Plotting a scatter plot
08-27-2022 15:10:22 : INFO : loggers : Plotting a scatter plot
08-27-2022 15:10:22 : INFO : loggers : Plotting a scatter plot
08-27-2022 15:10:22 : INFO : loggers : Plotting a scatter plot
08-27-2022 15:10:22 : INFO : loggers : Plotting a scatter plot
08-27-2022 15:10:22 : INFO : loggers : Plotting a scatter plot
08-27-2022 15:10:22 : INFO : loggers : Plotting a scatter plot
08-27-2022 15:10:22 : INFO : loggers : Plotting a scatter plot
08-27-2022 15:10:22 : INFO : loggers : Plotting a scatter plot
08-27-2022 15:17:33 : INFO : loggers : Successfully Instantiated Preprocessing Class Object
08-27-2022 15:17:33 : INFO : loggers : Successfully Instantiated Preprocessing Class Object
08-27-2022 15:17:33 : INFO : loggers : Successfully Instantiated Preprocessing Class Object
08-27-2022 15:17:33 : INFO : loggers : Successfully Instantiated Preprocessing Class Object
08-27-2022 15:17:33 : INFO : loggers : Successfully Instantiated Preprocessing Class Object
08-27-2022 15:17:33 : INFO : loggers : Successfully Instantiated Preprocessing Class Object
08-27-2022 15:17:33 : INFO : loggers : Successfully Instantiated Preprocessing Class Object
08-27-2022 15:17:33 : INFO : loggers : Successfully Instantiated Preprocessing Class Object
08-27-2022 15:17:33 : INFO : loggers : Successfully Instantiated Preprocessing Class Object
08-27-2022 15:17:33 : INFO : loggers : Successfully Instantiated Preprocessing Class Object
08-27-2022 15:17:33 : INFO : loggers : Successfully Instantiated Preprocessing Class Object
08-27-2022 15:17:33 : INFO : loggers : Successfully Instantiated Preprocessing Class Object
08-27-2022 15:17:33 : INFO : loggers : Successfully Instantiated Preprocessing Class Object
08-27-2022 15:17:33 : INFO : loggers : Successfully Instantiated Preprocessing Class Object
08-27-2022 15:17:33 : INFO : loggers : Successfully Instantiated Preprocessing Class Object
08-27-2022 15:17:33 : INFO : loggers : Successfully Instantiated Preprocessing Class Object
08-27-2022 15:17:33 : INFO : loggers : Successfully Instantiated Preprocessing Class Object
08-27-2022 15:17:33 : INFO : loggers : Successfully Instantiated Preprocessing Class Object
08-27-2022 15:17:33 : INFO : loggers : Plotting a bar chart
08-27-2022 15:17:33 : INFO : loggers : Plotting a bar chart
08-27-2022 15:17:33 : INFO : loggers : Plotting a bar chart
08-27-2022 15:17:33 : INFO : loggers : Plotting a bar chart
08-27-2022 15:17:33 : INFO : loggers : Plotting a bar chart
08-27-2022 15:17:33 : INFO : loggers : Plotting a bar chart
08-27-2022 15:17:33 : INFO : loggers : Plotting a bar chart
08-27-2022 15:17:33 : INFO : loggers : Plotting a bar chart
08-27-2022 15:17:33 : INFO : loggers : Plotting a bar chart
08-27-2022 15:17:33 : INFO : loggers : Plotting a bar chart
08-27-2022 15:17:33 : INFO : loggers : Plotting a bar chart
08-27-2022 15:17:33 : INFO : loggers : Plotting a bar chart
08-27-2022 15:17:33 : INFO : loggers : Plotting a bar chart
08-27-2022 15:17:33 : INFO : loggers : Plotting a bar chart
08-27-2022 15:17:33 : INFO : loggers : Plotting a bar chart
08-27-2022 15:17:33 : INFO : loggers : Plotting a bar chart
08-27-2022 15:17:33 : INFO : loggers : Plotting a bar chart
08-27-2022 15:17:33 : INFO : loggers : Plotting a bar chart
08-27-2022 15:18:37 : INFO : loggers : Successfully Instantiated Preprocessing Class Object
08-27-2022 15:18:37 : INFO : loggers : Successfully Instantiated Preprocessing Class Object
08-27-2022 15:18:37 : INFO : loggers : Successfully Instantiated Preprocessing Class Object
08-27-2022 15:18:37 : INFO : loggers : Successfully Instantiated Preprocessing Class Object
08-27-2022 15:18:37 : INFO : loggers : Successfully Instantiated Preprocessing Class Object
08-27-2022 15:18:37 : INFO : loggers : Successfully Instantiated Preprocessing Class Object
08-27-2022 15:18:37 : INFO : loggers : Successfully Instantiated Preprocessing Class Object
08-27-2022 15:18:37 : INFO : loggers : Successfully Instantiated Preprocessing Class Object
08-27-2022 15:18:37 : INFO : loggers : Successfully Instantiated Preprocessing Class Object
08-27-2022 15:18:37 : INFO : loggers : Successfully Instantiated Preprocessing Class Object
08-27-2022 15:18:37 : INFO : loggers : Successfully Instantiated Preprocessing Class Object
08-27-2022 15:18:37 : INFO : loggers : Successfully Instantiated Preprocessing Class Object
08-27-2022 15:18:37 : INFO : loggers : Successfully Instantiated Preprocessing Class Object
08-27-2022 15:18:37 : INFO : loggers : Successfully Instantiated Preprocessing Class Object
08-27-2022 15:18:37 : INFO : loggers : Successfully Instantiated Preprocessing Class Object
08-27-2022 15:18:37 : INFO : loggers : Successfully Instantiated Preprocessing Class Object
08-27-2022 15:18:37 : INFO : loggers : Successfully Instantiated Preprocessing Class Object
08-27-2022 15:18:37 : INFO : loggers : Successfully Instantiated Preprocessing Class Object
08-27-2022 15:18:37 : INFO : loggers : Successfully Instantiated Preprocessing Class Object
08-27-2022 15:18:37 : INFO : loggers : Plotting a bar chart
08-27-2022 15:18:37 : INFO : loggers : Plotting a bar chart
08-27-2022 15:18:37 : INFO : loggers : Plotting a bar chart
08-27-2022 15:18:37 : INFO : loggers : Plotting a bar chart
08-27-2022 15:18:37 : INFO : loggers : Plotting a bar chart
08-27-2022 15:18:37 : INFO : loggers : Plotting a bar chart
08-27-2022 15:18:37 : INFO : loggers : Plotting a bar chart
08-27-2022 15:18:37 : INFO : loggers : Plotting a bar chart
08-27-2022 15:18:37 : INFO : loggers : Plotting a bar chart
08-27-2022 15:18:37 : INFO : loggers : Plotting a bar chart
08-27-2022 15:18:37 : INFO : loggers : Plotting a bar chart
08-27-2022 15:18:37 : INFO : loggers : Plotting a bar chart
08-27-2022 15:18:37 : INFO : loggers : Plotting a bar chart
08-27-2022 15:18:37 : INFO : loggers : Plotting a bar chart
08-27-2022 15:18:37 : INFO : loggers : Plotting a bar chart
08-27-2022 15:18:37 : INFO : loggers : Plotting a bar chart
08-27-2022 15:18:37 : INFO : loggers : Plotting a bar chart
08-27-2022 15:18:37 : INFO : loggers : Plotting a bar chart
08-27-2022 15:18:37 : INFO : loggers : Plotting a bar chart
08-27-2022 15:22:49 : INFO : loggers : Successfully Instantiated Preprocessing Class Object
08-27-2022 15:22:49 : INFO : loggers : Successfully Instantiated Preprocessing Class Object
08-27-2022 15:22:49 : INFO : loggers : Successfully Instantiated Preprocessing Class Object
08-27-2022 15:22:49 : INFO : loggers : Successfully Instantiated Preprocessing Class Object
08-27-2022 15:22:49 : INFO : loggers : Successfully Instantiated Preprocessing Class Object
08-27-2022 15:22:49 : INFO : loggers : Successfully Instantiated Preprocessing Class Object
08-27-2022 15:22:49 : INFO : loggers : Successfully Instantiated Preprocessing Class Object
08-27-2022 15:22:49 : INFO : loggers : Successfully Instantiated Preprocessing Class Object
08-27-2022 15:22:49 : INFO : loggers : Successfully Instantiated Preprocessing Class Object
08-27-2022 15:22:49 : INFO : loggers : Successfully Instantiated Preprocessing Class Object
08-27-2022 15:22:49 : INFO : loggers : Successfully Instantiated Preprocessing Class Object
08-27-2022 15:22:49 : INFO : loggers : Successfully Instantiated Preprocessing Class Object
08-27-2022 15:22:49 : INFO : loggers : Successfully Instantiated Preprocessing Class Object
08-27-2022 15:22:49 : INFO : loggers : Successfully Instantiated Preprocessing Class Object
08-27-2022 15:22:49 : INFO : loggers : Successfully Instantiated Preprocessing Class Object
08-27-2022 15:22:49 : INFO : loggers : Successfully Instantiated Preprocessing Class Object
08-27-2022 15:22:49 : INFO : loggers : Successfully Instantiated Preprocessing Class Object
08-27-2022 15:22:49 : INFO : loggers : Successfully Instantiated Preprocessing Class Object
08-27-2022 15:22:49 : INFO : loggers : Successfully Instantiated Preprocessing Class Object
08-27-2022 15:22:49 : INFO : loggers : Successfully Instantiated Preprocessing Class Object
08-27-2022 15:22:55 : INFO : loggers : Successfully Instantiated Preprocessing Class Object
08-27-2022 15:22:55 : INFO : loggers : Successfully Instantiated Preprocessing Class Object
08-27-2022 15:22:55 : INFO : loggers : Successfully Instantiated Preprocessing Class Object
08-27-2022 15:22:55 : INFO : loggers : Successfully Instantiated Preprocessing Class Object
08-27-2022 15:22:55 : INFO : loggers : Successfully Instantiated Preprocessing Class Object
08-27-2022 15:22:55 : INFO : loggers : Successfully Instantiated Preprocessing Class Object
08-27-2022 15:22:55 : INFO : loggers : Successfully Instantiated Preprocessing Class Object
08-27-2022 15:22:55 : INFO : loggers : Successfully Instantiated Preprocessing Class Object
08-27-2022 15:22:55 : INFO : loggers : Successfully Instantiated Preprocessing Class Object
08-27-2022 15:22:55 : INFO : loggers : Successfully Instantiated Preprocessing Class Object
08-27-2022 15:22:55 : INFO : loggers : Successfully Instantiated Preprocessing Class Object
08-27-2022 15:22:55 : INFO : loggers : Successfully Instantiated Preprocessing Class Object
08-27-2022 15:22:55 : INFO : loggers : Successfully Instantiated Preprocessing Class Object
08-27-2022 15:22:55 : INFO : loggers : Successfully Instantiated Preprocessing Class Object
08-27-2022 15:22:55 : INFO : loggers : Successfully Instantiated Preprocessing Class Object
08-27-2022 15:22:55 : INFO : loggers : Successfully Instantiated Preprocessing Class Object
08-27-2022 15:22:55 : INFO : loggers : Successfully Instantiated Preprocessing Class Object
08-27-2022 15:22:55 : INFO : loggers : Successfully Instantiated Preprocessing Class Object
08-27-2022 15:22:55 : INFO : loggers : Successfully Instantiated Preprocessing Class Object
08-27-2022 15:22:55 : INFO : loggers : Successfully Instantiated Preprocessing Class Object
08-27-2022 15:22:55 : INFO : loggers : Successfully Instantiated Preprocessing Class Object
08-27-2022 15:22:57 : INFO : loggers : Plotting a bar chart
08-27-2022 15:22:57 : INFO : loggers : Plotting a bar chart
08-27-2022 15:22:57 : INFO : loggers : Plotting a bar chart
08-27-2022 15:22:57 : INFO : loggers : Plotting a bar chart
08-27-2022 15:22:57 : INFO : loggers : Plotting a bar chart
08-27-2022 15:22:57 : INFO : loggers : Plotting a bar chart
08-27-2022 15:22:57 : INFO : loggers : Plotting a bar chart
08-27-2022 15:22:57 : INFO : loggers : Plotting a bar chart
08-27-2022 15:22:57 : INFO : loggers : Plotting a bar chart
08-27-2022 15:22:57 : INFO : loggers : Plotting a bar chart
08-27-2022 15:22:57 : INFO : loggers : Plotting a bar chart
08-27-2022 15:22:57 : INFO : loggers : Plotting a bar chart
08-27-2022 15:22:57 : INFO : loggers : Plotting a bar chart
08-27-2022 15:22:57 : INFO : loggers : Plotting a bar chart
08-27-2022 15:22:57 : INFO : loggers : Plotting a bar chart
08-27-2022 15:22:57 : INFO : loggers : Plotting a bar chart
08-27-2022 15:22:57 : INFO : loggers : Plotting a bar chart
08-27-2022 15:22:57 : INFO : loggers : Plotting a bar chart
08-27-2022 15:22:57 : INFO : loggers : Plotting a bar chart
08-27-2022 15:22:57 : INFO : loggers : Plotting a bar chart
08-27-2022 15:22:57 : INFO : loggers : Plotting a bar chart
08-27-2022 15:23:32 : INFO : loggers : Successfully Instantiated Preprocessing Class Object
08-27-2022 15:23:32 : INFO : loggers : Successfully Instantiated Preprocessing Class Object
08-27-2022 15:23:32 : INFO : loggers : Successfully Instantiated Preprocessing Class Object
08-27-2022 15:23:32 : INFO : loggers : Successfully Instantiated Preprocessing Class Object
08-27-2022 15:23:32 : INFO : loggers : Successfully Instantiated Preprocessing Class Object
08-27-2022 15:23:32 : INFO : loggers : Successfully Instantiated Preprocessing Class Object
08-27-2022 15:23:32 : INFO : loggers : Successfully Instantiated Preprocessing Class Object
08-27-2022 15:23:32 : INFO : loggers : Successfully Instantiated Preprocessing Class Object
08-27-2022 15:23:32 : INFO : loggers : Successfully Instantiated Preprocessing Class Object
08-27-2022 15:23:32 : INFO : loggers : Successfully Instantiated Preprocessing Class Object
08-27-2022 15:23:32 : INFO : loggers : Successfully Instantiated Preprocessing Class Object
08-27-2022 15:23:32 : INFO : loggers : Successfully Instantiated Preprocessing Class Object
08-27-2022 15:23:32 : INFO : loggers : Successfully Instantiated Preprocessing Class Object
08-27-2022 15:23:32 : INFO : loggers : Successfully Instantiated Preprocessing Class Object
08-27-2022 15:23:32 : INFO : loggers : Successfully Instantiated Preprocessing Class Object
08-27-2022 15:23:32 : INFO : loggers : Successfully Instantiated Preprocessing Class Object
08-27-2022 15:23:32 : INFO : loggers : Successfully Instantiated Preprocessing Class Object
08-27-2022 15:23:32 : INFO : loggers : Successfully Instantiated Preprocessing Class Object
08-27-2022 15:23:32 : INFO : loggers : Successfully Instantiated Preprocessing Class Object
08-27-2022 15:23:32 : INFO : loggers : Successfully Instantiated Preprocessing Class Object
08-27-2022 15:23:32 : INFO : loggers : Successfully Instantiated Preprocessing Class Object
08-27-2022 15:23:32 : INFO : loggers : Successfully Instantiated Preprocessing Class Object
08-27-2022 15:23:46 : INFO : loggers : Successfully Instantiated Preprocessing Class Object
08-27-2022 15:23:46 : INFO : loggers : Successfully Instantiated Preprocessing Class Object
08-27-2022 15:23:46 : INFO : loggers : Successfully Instantiated Preprocessing Class Object
08-27-2022 15:23:46 : INFO : loggers : Successfully Instantiated Preprocessing Class Object
08-27-2022 15:23:46 : INFO : loggers : Successfully Instantiated Preprocessing Class Object
08-27-2022 15:23:46 : INFO : loggers : Successfully Instantiated Preprocessing Class Object
08-27-2022 15:23:46 : INFO : loggers : Successfully Instantiated Preprocessing Class Object
08-27-2022 15:23:46 : INFO : loggers : Successfully Instantiated Preprocessing Class Object
08-27-2022 15:23:46 : INFO : loggers : Successfully Instantiated Preprocessing Class Object
08-27-2022 15:23:46 : INFO : loggers : Successfully Instantiated Preprocessing Class Object
08-27-2022 15:23:46 : INFO : loggers : Successfully Instantiated Preprocessing Class Object
08-27-2022 15:23:46 : INFO : loggers : Successfully Instantiated Preprocessing Class Object
08-27-2022 15:23:46 : INFO : loggers : Successfully Instantiated Preprocessing Class Object
08-27-2022 15:23:46 : INFO : loggers : Successfully Instantiated Preprocessing Class Object
08-27-2022 15:23:46 : INFO : loggers : Successfully Instantiated Preprocessing Class Object
08-27-2022 15:23:46 : INFO : loggers : Successfully Instantiated Preprocessing Class Object
08-27-2022 15:23:46 : INFO : loggers : Successfully Instantiated Preprocessing Class Object
08-27-2022 15:23:46 : INFO : loggers : Successfully Instantiated Preprocessing Class Object
08-27-2022 15:23:46 : INFO : loggers : Successfully Instantiated Preprocessing Class Object
08-27-2022 15:23:46 : INFO : loggers : Successfully Instantiated Preprocessing Class Object
08-27-2022 15:23:46 : INFO : loggers : Successfully Instantiated Preprocessing Class Object
08-27-2022 15:23:46 : INFO : loggers : Successfully Instantiated Preprocessing Class Object
08-27-2022 15:23:46 : INFO : loggers : Successfully Instantiated Preprocessing Class Object
08-27-2022 15:23:47 : INFO : loggers : Plotting a bar chart
08-27-2022 15:23:47 : INFO : loggers : Plotting a bar chart
08-27-2022 15:23:47 : INFO : loggers : Plotting a bar chart
08-27-2022 15:23:47 : INFO : loggers : Plotting a bar chart
08-27-2022 15:23:47 : INFO : loggers : Plotting a bar chart
08-27-2022 15:23:47 : INFO : loggers : Plotting a bar chart
08-27-2022 15:23:47 : INFO : loggers : Plotting a bar chart
08-27-2022 15:23:47 : INFO : loggers : Plotting a bar chart
08-27-2022 15:23:47 : INFO : loggers : Plotting a bar chart
08-27-2022 15:23:47 : INFO : loggers : Plotting a bar chart
08-27-2022 15:23:47 : INFO : loggers : Plotting a bar chart
08-27-2022 15:23:47 : INFO : loggers : Plotting a bar chart
08-27-2022 15:23:47 : INFO : loggers : Plotting a bar chart
08-27-2022 15:23:47 : INFO : loggers : Plotting a bar chart
08-27-2022 15:23:47 : INFO : loggers : Plotting a bar chart
08-27-2022 15:23:47 : INFO : loggers : Plotting a bar chart
08-27-2022 15:23:47 : INFO : loggers : Plotting a bar chart
08-27-2022 15:23:47 : INFO : loggers : Plotting a bar chart
08-27-2022 15:23:47 : INFO : loggers : Plotting a bar chart
08-27-2022 15:23:47 : INFO : loggers : Plotting a bar chart
08-27-2022 15:23:47 : INFO : loggers : Plotting a bar chart
08-27-2022 15:23:47 : INFO : loggers : Plotting a bar chart
08-27-2022 15:23:47 : INFO : loggers : Plotting a bar chart
08-27-2022 15:25:40 : INFO : loggers : Successfully Instantiated Preprocessing Class Object
08-27-2022 15:25:40 : INFO : loggers : Successfully Instantiated Preprocessing Class Object
08-27-2022 15:25:40 : INFO : loggers : Successfully Instantiated Preprocessing Class Object
08-27-2022 15:25:40 : INFO : loggers : Successfully Instantiated Preprocessing Class Object
08-27-2022 15:25:40 : INFO : loggers : Successfully Instantiated Preprocessing Class Object
08-27-2022 15:25:40 : INFO : loggers : Successfully Instantiated Preprocessing Class Object
08-27-2022 15:25:40 : INFO : loggers : Successfully Instantiated Preprocessing Class Object
08-27-2022 15:25:40 : INFO : loggers : Successfully Instantiated Preprocessing Class Object
08-27-2022 15:25:40 : INFO : loggers : Successfully Instantiated Preprocessing Class Object
08-27-2022 15:25:40 : INFO : loggers : Successfully Instantiated Preprocessing Class Object
08-27-2022 15:25:40 : INFO : loggers : Successfully Instantiated Preprocessing Class Object
08-27-2022 15:25:40 : INFO : loggers : Successfully Instantiated Preprocessing Class Object
08-27-2022 15:25:40 : INFO : loggers : Successfully Instantiated Preprocessing Class Object
08-27-2022 15:25:40 : INFO : loggers : Successfully Instantiated Preprocessing Class Object
08-27-2022 15:25:40 : INFO : loggers : Successfully Instantiated Preprocessing Class Object
08-27-2022 15:25:40 : INFO : loggers : Successfully Instantiated Preprocessing Class Object
08-27-2022 15:25:40 : INFO : loggers : Successfully Instantiated Preprocessing Class Object
08-27-2022 15:25:40 : INFO : loggers : Successfully Instantiated Preprocessing Class Object
08-27-2022 15:25:40 : INFO : loggers : Successfully Instantiated Preprocessing Class Object
08-27-2022 15:25:40 : INFO : loggers : Successfully Instantiated Preprocessing Class Object
08-27-2022 15:25:40 : INFO : loggers : Successfully Instantiated Preprocessing Class Object
08-27-2022 15:25:40 : INFO : loggers : Successfully Instantiated Preprocessing Class Object
08-27-2022 15:25:40 : INFO : loggers : Successfully Instantiated Preprocessing Class Object
08-27-2022 15:25:40 : INFO : loggers : Successfully Instantiated Preprocessing Class Object
08-27-2022 15:39:17 : INFO : loggers : Successfully Instantiated Preprocessing Class Object
08-27-2022 15:39:19 : INFO : loggers : Plotting a histogram
08-27-2022 15:39:20 : INFO : loggers : Successfully Instantiated Preprocessing Class Object
08-27-2022 15:39:20 : INFO : loggers : Successfully Instantiated Preprocessing Class Object
08-27-2022 15:39:21 : INFO : loggers : Plotting a histogram
08-27-2022 15:39:21 : INFO : loggers : Plotting a histogram
08-27-2022 15:39:22 : INFO : loggers : Successfully Instantiated Preprocessing Class Object
08-27-2022 15:39:22 : INFO : loggers : Successfully Instantiated Preprocessing Class Object
08-27-2022 15:39:22 : INFO : loggers : Successfully Instantiated Preprocessing Class Object
08-27-2022 15:39:23 : INFO : loggers : Plotting a histogram
08-27-2022 15:39:23 : INFO : loggers : Plotting a histogram
08-27-2022 15:39:23 : INFO : loggers : Plotting a histogram
08-27-2022 15:39:25 : INFO : loggers : Successfully Instantiated Preprocessing Class Object
08-27-2022 15:39:25 : INFO : loggers : Successfully Instantiated Preprocessing Class Object
08-27-2022 15:39:25 : INFO : loggers : Successfully Instantiated Preprocessing Class Object
08-27-2022 15:39:25 : INFO : loggers : Successfully Instantiated Preprocessing Class Object
08-27-2022 15:39:26 : INFO : loggers : Plotting a histogram
08-27-2022 15:39:26 : INFO : loggers : Plotting a histogram
08-27-2022 15:39:26 : INFO : loggers : Plotting a histogram
08-27-2022 15:39:26 : INFO : loggers : Plotting a histogram
08-27-2022 15:39:32 : INFO : loggers : Successfully Instantiated Preprocessing Class Object
08-27-2022 15:39:32 : INFO : loggers : Successfully Instantiated Preprocessing Class Object
08-27-2022 15:39:32 : INFO : loggers : Successfully Instantiated Preprocessing Class Object
08-27-2022 15:39:32 : INFO : loggers : Successfully Instantiated Preprocessing Class Object
08-27-2022 15:39:32 : INFO : loggers : Successfully Instantiated Preprocessing Class Object
08-27-2022 15:39:33 : INFO : loggers : Plotting a histogram
08-27-2022 15:39:33 : INFO : loggers : Plotting a histogram
08-27-2022 15:39:33 : INFO : loggers : Plotting a histogram
08-27-2022 15:39:33 : INFO : loggers : Plotting a histogram
08-27-2022 15:39:33 : INFO : loggers : Plotting a histogram
08-27-2022 15:39:37 : INFO : loggers : Successfully Instantiated Preprocessing Class Object
08-27-2022 15:39:37 : INFO : loggers : Successfully Instantiated Preprocessing Class Object
08-27-2022 15:39:37 : INFO : loggers : Successfully Instantiated Preprocessing Class Object
08-27-2022 15:39:37 : INFO : loggers : Successfully Instantiated Preprocessing Class Object
08-27-2022 15:39:37 : INFO : loggers : Successfully Instantiated Preprocessing Class Object
08-27-2022 15:39:37 : INFO : loggers : Successfully Instantiated Preprocessing Class Object
08-27-2022 15:39:38 : INFO : loggers : Plotting a histogram
08-27-2022 15:39:38 : INFO : loggers : Plotting a histogram
08-27-2022 15:39:38 : INFO : loggers : Plotting a histogram
08-27-2022 15:39:38 : INFO : loggers : Plotting a histogram
08-27-2022 15:39:38 : INFO : loggers : Plotting a histogram
08-27-2022 15:39:38 : INFO : loggers : Plotting a histogram
08-27-2022 15:39:40 : INFO : loggers : Successfully Instantiated Preprocessing Class Object
08-27-2022 15:39:40 : INFO : loggers : Successfully Instantiated Preprocessing Class Object
08-27-2022 15:39:40 : INFO : loggers : Successfully Instantiated Preprocessing Class Object
08-27-2022 15:39:40 : INFO : loggers : Successfully Instantiated Preprocessing Class Object
08-27-2022 15:39:40 : INFO : loggers : Successfully Instantiated Preprocessing Class Object
08-27-2022 15:39:40 : INFO : loggers : Successfully Instantiated Preprocessing Class Object
08-27-2022 15:39:40 : INFO : loggers : Successfully Instantiated Preprocessing Class Object
08-27-2022 15:39:41 : INFO : loggers : Plotting a histogram
08-27-2022 15:39:41 : INFO : loggers : Plotting a histogram
08-27-2022 15:39:41 : INFO : loggers : Plotting a histogram
08-27-2022 15:39:41 : INFO : loggers : Plotting a histogram
08-27-2022 15:39:41 : INFO : loggers : Plotting a histogram
08-27-2022 15:39:41 : INFO : loggers : Plotting a histogram
08-27-2022 15:39:41 : INFO : loggers : Plotting a histogram
08-27-2022 15:39:42 : INFO : loggers : Successfully Instantiated Preprocessing Class Object
08-27-2022 15:39:42 : INFO : loggers : Successfully Instantiated Preprocessing Class Object
08-27-2022 15:39:42 : INFO : loggers : Successfully Instantiated Preprocessing Class Object
08-27-2022 15:39:42 : INFO : loggers : Successfully Instantiated Preprocessing Class Object
08-27-2022 15:39:42 : INFO : loggers : Successfully Instantiated Preprocessing Class Object
08-27-2022 15:39:42 : INFO : loggers : Successfully Instantiated Preprocessing Class Object
08-27-2022 15:39:42 : INFO : loggers : Successfully Instantiated Preprocessing Class Object
08-27-2022 15:39:42 : INFO : loggers : Successfully Instantiated Preprocessing Class Object
08-27-2022 15:39:43 : INFO : loggers : Plotting a histogram
08-27-2022 15:39:43 : INFO : loggers : Plotting a histogram
08-27-2022 15:39:43 : INFO : loggers : Plotting a histogram
08-27-2022 15:39:43 : INFO : loggers : Plotting a histogram
08-27-2022 15:39:43 : INFO : loggers : Plotting a histogram
08-27-2022 15:39:43 : INFO : loggers : Plotting a histogram
08-27-2022 15:39:43 : INFO : loggers : Plotting a histogram
08-27-2022 15:39:43 : INFO : loggers : Plotting a histogram
08-27-2022 15:39:50 : INFO : loggers : Successfully Instantiated Preprocessing Class Object
08-27-2022 15:39:50 : INFO : loggers : Successfully Instantiated Preprocessing Class Object
08-27-2022 15:39:50 : INFO : loggers : Successfully Instantiated Preprocessing Class Object
08-27-2022 15:39:50 : INFO : loggers : Successfully Instantiated Preprocessing Class Object
08-27-2022 15:39:50 : INFO : loggers : Successfully Instantiated Preprocessing Class Object
08-27-2022 15:39:50 : INFO : loggers : Successfully Instantiated Preprocessing Class Object
08-27-2022 15:39:50 : INFO : loggers : Successfully Instantiated Preprocessing Class Object
08-27-2022 15:39:50 : INFO : loggers : Successfully Instantiated Preprocessing Class Object
08-27-2022 15:39:50 : INFO : loggers : Successfully Instantiated Preprocessing Class Object
08-27-2022 15:39:50 : INFO : loggers : Plotting a scatter plot
08-27-2022 15:39:50 : INFO : loggers : Plotting a scatter plot
08-27-2022 15:39:50 : INFO : loggers : Plotting a scatter plot
08-27-2022 15:39:50 : INFO : loggers : Plotting a scatter plot
08-27-2022 15:39:50 : INFO : loggers : Plotting a scatter plot
08-27-2022 15:39:50 : INFO : loggers : Plotting a scatter plot
08-27-2022 15:39:50 : INFO : loggers : Plotting a scatter plot
08-27-2022 15:39:50 : INFO : loggers : Plotting a scatter plot
08-27-2022 15:39:50 : INFO : loggers : Plotting a scatter plot
08-27-2022 15:39:52 : INFO : loggers : Successfully Instantiated Preprocessing Class Object
08-27-2022 15:39:52 : INFO : loggers : Successfully Instantiated Preprocessing Class Object
08-27-2022 15:39:52 : INFO : loggers : Successfully Instantiated Preprocessing Class Object
08-27-2022 15:39:52 : INFO : loggers : Successfully Instantiated Preprocessing Class Object
08-27-2022 15:39:52 : INFO : loggers : Successfully Instantiated Preprocessing Class Object
08-27-2022 15:39:52 : INFO : loggers : Successfully Instantiated Preprocessing Class Object
08-27-2022 15:39:52 : INFO : loggers : Successfully Instantiated Preprocessing Class Object
08-27-2022 15:39:52 : INFO : loggers : Successfully Instantiated Preprocessing Class Object
08-27-2022 15:39:52 : INFO : loggers : Successfully Instantiated Preprocessing Class Object
08-27-2022 15:39:52 : INFO : loggers : Successfully Instantiated Preprocessing Class Object
08-27-2022 15:39:52 : INFO : loggers : Plotting a scatter plot
08-27-2022 15:39:52 : INFO : loggers : Plotting a scatter plot
08-27-2022 15:39:52 : INFO : loggers : Plotting a scatter plot
08-27-2022 15:39:52 : INFO : loggers : Plotting a scatter plot
08-27-2022 15:39:52 : INFO : loggers : Plotting a scatter plot
08-27-2022 15:39:52 : INFO : loggers : Plotting a scatter plot
08-27-2022 15:39:52 : INFO : loggers : Plotting a scatter plot
08-27-2022 15:39:52 : INFO : loggers : Plotting a scatter plot
08-27-2022 15:39:52 : INFO : loggers : Plotting a scatter plot
08-27-2022 15:39:52 : INFO : loggers : Plotting a scatter plot
08-27-2022 15:39:53 : INFO : loggers : Successfully Instantiated Preprocessing Class Object
08-27-2022 15:39:53 : INFO : loggers : Successfully Instantiated Preprocessing Class Object
08-27-2022 15:39:53 : INFO : loggers : Successfully Instantiated Preprocessing Class Object
08-27-2022 15:39:53 : INFO : loggers : Successfully Instantiated Preprocessing Class Object
08-27-2022 15:39:53 : INFO : loggers : Successfully Instantiated Preprocessing Class Object
08-27-2022 15:39:53 : INFO : loggers : Successfully Instantiated Preprocessing Class Object
08-27-2022 15:39:53 : INFO : loggers : Successfully Instantiated Preprocessing Class Object
08-27-2022 15:39:53 : INFO : loggers : Successfully Instantiated Preprocessing Class Object
08-27-2022 15:39:53 : INFO : loggers : Successfully Instantiated Preprocessing Class Object
08-27-2022 15:39:53 : INFO : loggers : Successfully Instantiated Preprocessing Class Object
08-27-2022 15:39:53 : INFO : loggers : Successfully Instantiated Preprocessing Class Object
08-27-2022 15:39:54 : INFO : loggers : Plotting a scatter plot
08-27-2022 15:39:54 : INFO : loggers : Plotting a scatter plot
08-27-2022 15:39:54 : INFO : loggers : Plotting a scatter plot
08-27-2022 15:39:54 : INFO : loggers : Plotting a scatter plot
08-27-2022 15:39:54 : INFO : loggers : Plotting a scatter plot
08-27-2022 15:39:54 : INFO : loggers : Plotting a scatter plot
08-27-2022 15:39:54 : INFO : loggers : Plotting a scatter plot
08-27-2022 15:39:54 : INFO : loggers : Plotting a scatter plot
08-27-2022 15:39:54 : INFO : loggers : Plotting a scatter plot
08-27-2022 15:39:54 : INFO : loggers : Plotting a scatter plot
08-27-2022 15:39:54 : INFO : loggers : Plotting a scatter plot
08-27-2022 15:39:55 : INFO : loggers : Successfully Instantiated Preprocessing Class Object
08-27-2022 15:39:55 : INFO : loggers : Successfully Instantiated Preprocessing Class Object
08-27-2022 15:39:55 : INFO : loggers : Successfully Instantiated Preprocessing Class Object
08-27-2022 15:39:55 : INFO : loggers : Successfully Instantiated Preprocessing Class Object
08-27-2022 15:39:55 : INFO : loggers : Successfully Instantiated Preprocessing Class Object
08-27-2022 15:39:55 : INFO : loggers : Successfully Instantiated Preprocessing Class Object
08-27-2022 15:39:55 : INFO : loggers : Successfully Instantiated Preprocessing Class Object
08-27-2022 15:39:55 : INFO : loggers : Successfully Instantiated Preprocessing Class Object
08-27-2022 15:39:55 : INFO : loggers : Successfully Instantiated Preprocessing Class Object
08-27-2022 15:39:55 : INFO : loggers : Successfully Instantiated Preprocessing Class Object
08-27-2022 15:39:55 : INFO : loggers : Successfully Instantiated Preprocessing Class Object
08-27-2022 15:39:55 : INFO : loggers : Successfully Instantiated Preprocessing Class Object
08-27-2022 15:39:55 : INFO : loggers : Plotting a scatter plot
08-27-2022 15:39:55 : INFO : loggers : Plotting a scatter plot
08-27-2022 15:39:55 : INFO : loggers : Plotting a scatter plot
08-27-2022 15:39:55 : INFO : loggers : Plotting a scatter plot
08-27-2022 15:39:55 : INFO : loggers : Plotting a scatter plot
08-27-2022 15:39:55 : INFO : loggers : Plotting a scatter plot
08-27-2022 15:39:55 : INFO : loggers : Plotting a scatter plot
08-27-2022 15:39:55 : INFO : loggers : Plotting a scatter plot
08-27-2022 15:39:55 : INFO : loggers : Plotting a scatter plot
08-27-2022 15:39:55 : INFO : loggers : Plotting a scatter plot
08-27-2022 15:39:55 : INFO : loggers : Plotting a scatter plot
08-27-2022 15:39:55 : INFO : loggers : Plotting a scatter plot
08-27-2022 15:39:56 : INFO : loggers : Successfully Instantiated Preprocessing Class Object
08-27-2022 15:39:56 : INFO : loggers : Successfully Instantiated Preprocessing Class Object
08-27-2022 15:39:56 : INFO : loggers : Successfully Instantiated Preprocessing Class Object
08-27-2022 15:39:56 : INFO : loggers : Successfully Instantiated Preprocessing Class Object
08-27-2022 15:39:56 : INFO : loggers : Successfully Instantiated Preprocessing Class Object
08-27-2022 15:39:56 : INFO : loggers : Successfully Instantiated Preprocessing Class Object
08-27-2022 15:39:56 : INFO : loggers : Successfully Instantiated Preprocessing Class Object
08-27-2022 15:39:56 : INFO : loggers : Successfully Instantiated Preprocessing Class Object
08-27-2022 15:39:56 : INFO : loggers : Successfully Instantiated Preprocessing Class Object
08-27-2022 15:39:56 : INFO : loggers : Successfully Instantiated Preprocessing Class Object
08-27-2022 15:39:56 : INFO : loggers : Successfully Instantiated Preprocessing Class Object
08-27-2022 15:39:56 : INFO : loggers : Successfully Instantiated Preprocessing Class Object
08-27-2022 15:39:56 : INFO : loggers : Successfully Instantiated Preprocessing Class Object
08-27-2022 15:39:56 : INFO : loggers : Plotting a scatter plot
08-27-2022 15:39:56 : INFO : loggers : Plotting a scatter plot
08-27-2022 15:39:56 : INFO : loggers : Plotting a scatter plot
08-27-2022 15:39:56 : INFO : loggers : Plotting a scatter plot
08-27-2022 15:39:56 : INFO : loggers : Plotting a scatter plot
08-27-2022 15:39:56 : INFO : loggers : Plotting a scatter plot
08-27-2022 15:39:56 : INFO : loggers : Plotting a scatter plot
08-27-2022 15:39:56 : INFO : loggers : Plotting a scatter plot
08-27-2022 15:39:56 : INFO : loggers : Plotting a scatter plot
08-27-2022 15:39:56 : INFO : loggers : Plotting a scatter plot
08-27-2022 15:39:56 : INFO : loggers : Plotting a scatter plot
08-27-2022 15:39:56 : INFO : loggers : Plotting a scatter plot
08-27-2022 15:39:56 : INFO : loggers : Plotting a scatter plot
08-27-2022 15:40:49 : INFO : loggers : Successfully Instantiated Preprocessing Class Object
08-27-2022 15:40:49 : INFO : loggers : Successfully Instantiated Preprocessing Class Object
08-27-2022 15:40:49 : INFO : loggers : Successfully Instantiated Preprocessing Class Object
08-27-2022 15:40:49 : INFO : loggers : Successfully Instantiated Preprocessing Class Object
08-27-2022 15:40:49 : INFO : loggers : Successfully Instantiated Preprocessing Class Object
08-27-2022 15:40:49 : INFO : loggers : Successfully Instantiated Preprocessing Class Object
08-27-2022 15:40:49 : INFO : loggers : Successfully Instantiated Preprocessing Class Object
08-27-2022 15:40:49 : INFO : loggers : Successfully Instantiated Preprocessing Class Object
08-27-2022 15:40:49 : INFO : loggers : Successfully Instantiated Preprocessing Class Object
08-27-2022 15:40:49 : INFO : loggers : Successfully Instantiated Preprocessing Class Object
08-27-2022 15:40:49 : INFO : loggers : Successfully Instantiated Preprocessing Class Object
08-27-2022 15:40:49 : INFO : loggers : Successfully Instantiated Preprocessing Class Object
08-27-2022 15:40:49 : INFO : loggers : Successfully Instantiated Preprocessing Class Object
08-27-2022 15:40:49 : INFO : loggers : Successfully Instantiated Preprocessing Class Object
08-27-2022 15:40:50 : INFO : loggers : Plotting a bar chart
08-27-2022 15:40:50 : INFO : loggers : Plotting a bar chart
08-27-2022 15:40:50 : INFO : loggers : Plotting a bar chart
08-27-2022 15:40:50 : INFO : loggers : Plotting a bar chart
08-27-2022 15:40:50 : INFO : loggers : Plotting a bar chart
08-27-2022 15:40:50 : INFO : loggers : Plotting a bar chart
08-27-2022 15:40:50 : INFO : loggers : Plotting a bar chart
08-27-2022 15:40:50 : INFO : loggers : Plotting a bar chart
08-27-2022 15:40:50 : INFO : loggers : Plotting a bar chart
08-27-2022 15:40:50 : INFO : loggers : Plotting a bar chart
08-27-2022 15:40:50 : INFO : loggers : Plotting a bar chart
08-27-2022 15:40:50 : INFO : loggers : Plotting a bar chart
08-27-2022 15:40:50 : INFO : loggers : Plotting a bar chart
08-27-2022 15:40:50 : INFO : loggers : Plotting a bar chart
08-27-2022 15:40:59 : INFO : loggers : Successfully Instantiated Preprocessing Class Object
08-27-2022 15:40:59 : INFO : loggers : Successfully Instantiated Preprocessing Class Object
08-27-2022 15:40:59 : INFO : loggers : Successfully Instantiated Preprocessing Class Object
08-27-2022 15:40:59 : INFO : loggers : Successfully Instantiated Preprocessing Class Object
08-27-2022 15:40:59 : INFO : loggers : Successfully Instantiated Preprocessing Class Object
08-27-2022 15:40:59 : INFO : loggers : Successfully Instantiated Preprocessing Class Object
08-27-2022 15:40:59 : INFO : loggers : Successfully Instantiated Preprocessing Class Object
08-27-2022 15:40:59 : INFO : loggers : Successfully Instantiated Preprocessing Class Object
08-27-2022 15:40:59 : INFO : loggers : Successfully Instantiated Preprocessing Class Object
08-27-2022 15:40:59 : INFO : loggers : Successfully Instantiated Preprocessing Class Object
08-27-2022 15:40:59 : INFO : loggers : Successfully Instantiated Preprocessing Class Object
08-27-2022 15:40:59 : INFO : loggers : Successfully Instantiated Preprocessing Class Object
08-27-2022 15:40:59 : INFO : loggers : Successfully Instantiated Preprocessing Class Object
08-27-2022 15:40:59 : INFO : loggers : Successfully Instantiated Preprocessing Class Object
08-27-2022 15:40:59 : INFO : loggers : Successfully Instantiated Preprocessing Class Object
08-27-2022 15:41:00 : INFO : loggers : Plotting a bar chart
08-27-2022 15:41:00 : INFO : loggers : Plotting a bar chart
08-27-2022 15:41:00 : INFO : loggers : Plotting a bar chart
08-27-2022 15:41:00 : INFO : loggers : Plotting a bar chart
08-27-2022 15:41:00 : INFO : loggers : Plotting a bar chart
08-27-2022 15:41:00 : INFO : loggers : Plotting a bar chart
08-27-2022 15:41:00 : INFO : loggers : Plotting a bar chart
08-27-2022 15:41:00 : INFO : loggers : Plotting a bar chart
08-27-2022 15:41:00 : INFO : loggers : Plotting a bar chart
08-27-2022 15:41:00 : INFO : loggers : Plotting a bar chart
08-27-2022 15:41:00 : INFO : loggers : Plotting a bar chart
08-27-2022 15:41:00 : INFO : loggers : Plotting a bar chart
08-27-2022 15:41:00 : INFO : loggers : Plotting a bar chart
08-27-2022 15:41:00 : INFO : loggers : Plotting a bar chart
08-27-2022 15:41:00 : INFO : loggers : Plotting a bar chart
08-27-2022 15:41:01 : INFO : loggers : Successfully Instantiated Preprocessing Class Object
08-27-2022 15:41:01 : INFO : loggers : Successfully Instantiated Preprocessing Class Object
08-27-2022 15:41:01 : INFO : loggers : Successfully Instantiated Preprocessing Class Object
08-27-2022 15:41:01 : INFO : loggers : Successfully Instantiated Preprocessing Class Object
08-27-2022 15:41:01 : INFO : loggers : Successfully Instantiated Preprocessing Class Object
08-27-2022 15:41:01 : INFO : loggers : Successfully Instantiated Preprocessing Class Object
08-27-2022 15:41:01 : INFO : loggers : Successfully Instantiated Preprocessing Class Object
08-27-2022 15:41:01 : INFO : loggers : Successfully Instantiated Preprocessing Class Object
08-27-2022 15:41:01 : INFO : loggers : Successfully Instantiated Preprocessing Class Object
08-27-2022 15:41:01 : INFO : loggers : Successfully Instantiated Preprocessing Class Object
08-27-2022 15:41:01 : INFO : loggers : Successfully Instantiated Preprocessing Class Object
08-27-2022 15:41:01 : INFO : loggers : Successfully Instantiated Preprocessing Class Object
08-27-2022 15:41:01 : INFO : loggers : Successfully Instantiated Preprocessing Class Object
08-27-2022 15:41:01 : INFO : loggers : Successfully Instantiated Preprocessing Class Object
08-27-2022 15:41:01 : INFO : loggers : Successfully Instantiated Preprocessing Class Object
08-27-2022 15:41:01 : INFO : loggers : Successfully Instantiated Preprocessing Class Object
08-27-2022 15:41:02 : INFO : loggers : Plotting a bar chart
08-27-2022 15:41:02 : INFO : loggers : Plotting a bar chart
08-27-2022 15:41:02 : INFO : loggers : Plotting a bar chart
08-27-2022 15:41:02 : INFO : loggers : Plotting a bar chart
08-27-2022 15:41:02 : INFO : loggers : Plotting a bar chart
08-27-2022 15:41:02 : INFO : loggers : Plotting a bar chart
08-27-2022 15:41:02 : INFO : loggers : Plotting a bar chart
08-27-2022 15:41:02 : INFO : loggers : Plotting a bar chart
08-27-2022 15:41:02 : INFO : loggers : Plotting a bar chart
08-27-2022 15:41:02 : INFO : loggers : Plotting a bar chart
08-27-2022 15:41:02 : INFO : loggers : Plotting a bar chart
08-27-2022 15:41:02 : INFO : loggers : Plotting a bar chart
08-27-2022 15:41:02 : INFO : loggers : Plotting a bar chart
08-27-2022 15:41:02 : INFO : loggers : Plotting a bar chart
08-27-2022 15:41:02 : INFO : loggers : Plotting a bar chart
08-27-2022 15:41:02 : INFO : loggers : Plotting a bar chart
08-27-2022 15:41:08 : INFO : loggers : Successfully Instantiated Preprocessing Class Object
08-27-2022 15:41:08 : INFO : loggers : Successfully Instantiated Preprocessing Class Object
08-27-2022 15:41:08 : INFO : loggers : Successfully Instantiated Preprocessing Class Object
08-27-2022 15:41:08 : INFO : loggers : Successfully Instantiated Preprocessing Class Object
08-27-2022 15:41:08 : INFO : loggers : Successfully Instantiated Preprocessing Class Object
08-27-2022 15:41:08 : INFO : loggers : Successfully Instantiated Preprocessing Class Object
08-27-2022 15:41:08 : INFO : loggers : Successfully Instantiated Preprocessing Class Object
08-27-2022 15:41:08 : INFO : loggers : Successfully Instantiated Preprocessing Class Object
08-27-2022 15:41:08 : INFO : loggers : Successfully Instantiated Preprocessing Class Object
08-27-2022 15:41:08 : INFO : loggers : Successfully Instantiated Preprocessing Class Object
08-27-2022 15:41:08 : INFO : loggers : Successfully Instantiated Preprocessing Class Object
08-27-2022 15:41:08 : INFO : loggers : Successfully Instantiated Preprocessing Class Object
08-27-2022 15:41:08 : INFO : loggers : Successfully Instantiated Preprocessing Class Object
08-27-2022 15:41:08 : INFO : loggers : Successfully Instantiated Preprocessing Class Object
08-27-2022 15:41:08 : INFO : loggers : Successfully Instantiated Preprocessing Class Object
08-27-2022 15:41:08 : INFO : loggers : Successfully Instantiated Preprocessing Class Object
08-27-2022 15:41:08 : INFO : loggers : Successfully Instantiated Preprocessing Class Object
08-27-2022 15:57:58 : INFO : loggers : Successfully Instantiated Preprocessing Class Object
08-27-2022 15:57:59 : INFO : loggers : Plotting a histogram
08-27-2022 15:58:00 : INFO : loggers : Successfully Instantiated Preprocessing Class Object
08-27-2022 15:58:00 : INFO : loggers : Successfully Instantiated Preprocessing Class Object
08-27-2022 15:58:01 : INFO : loggers : Plotting a histogram
08-27-2022 15:58:01 : INFO : loggers : Plotting a histogram
08-27-2022 15:58:01 : INFO : loggers : Successfully Instantiated Preprocessing Class Object
08-27-2022 15:58:01 : INFO : loggers : Successfully Instantiated Preprocessing Class Object
08-27-2022 15:58:01 : INFO : loggers : Successfully Instantiated Preprocessing Class Object
08-27-2022 15:58:02 : INFO : loggers : Plotting a histogram
08-27-2022 15:58:02 : INFO : loggers : Plotting a histogram
08-27-2022 15:58:02 : INFO : loggers : Plotting a histogram
08-27-2022 15:58:02 : INFO : loggers : Successfully Instantiated Preprocessing Class Object
08-27-2022 15:58:02 : INFO : loggers : Successfully Instantiated Preprocessing Class Object
08-27-2022 15:58:02 : INFO : loggers : Successfully Instantiated Preprocessing Class Object
08-27-2022 15:58:02 : INFO : loggers : Successfully Instantiated Preprocessing Class Object
08-27-2022 15:58:03 : INFO : loggers : Plotting a histogram
08-27-2022 15:58:03 : INFO : loggers : Plotting a histogram
08-27-2022 15:58:03 : INFO : loggers : Plotting a histogram
08-27-2022 15:58:03 : INFO : loggers : Plotting a histogram
08-27-2022 15:58:04 : INFO : loggers : Successfully Instantiated Preprocessing Class Object
08-27-2022 15:58:04 : INFO : loggers : Successfully Instantiated Preprocessing Class Object
08-27-2022 15:58:04 : INFO : loggers : Successfully Instantiated Preprocessing Class Object
08-27-2022 15:58:04 : INFO : loggers : Successfully Instantiated Preprocessing Class Object
08-27-2022 15:58:04 : INFO : loggers : Successfully Instantiated Preprocessing Class Object
08-27-2022 15:58:05 : INFO : loggers : Plotting a histogram
08-27-2022 15:58:05 : INFO : loggers : Plotting a histogram
08-27-2022 15:58:05 : INFO : loggers : Plotting a histogram
08-27-2022 15:58:05 : INFO : loggers : Plotting a histogram
08-27-2022 15:58:05 : INFO : loggers : Plotting a histogram
08-27-2022 15:58:05 : INFO : loggers : Successfully Instantiated Preprocessing Class Object
08-27-2022 15:58:05 : INFO : loggers : Successfully Instantiated Preprocessing Class Object
08-27-2022 15:58:05 : INFO : loggers : Successfully Instantiated Preprocessing Class Object
08-27-2022 15:58:05 : INFO : loggers : Successfully Instantiated Preprocessing Class Object
08-27-2022 15:58:05 : INFO : loggers : Successfully Instantiated Preprocessing Class Object
08-27-2022 15:58:05 : INFO : loggers : Successfully Instantiated Preprocessing Class Object
08-27-2022 15:58:06 : INFO : loggers : Plotting a histogram
08-27-2022 15:58:06 : INFO : loggers : Plotting a histogram
08-27-2022 15:58:06 : INFO : loggers : Plotting a histogram
08-27-2022 15:58:06 : INFO : loggers : Plotting a histogram
08-27-2022 15:58:06 : INFO : loggers : Plotting a histogram
08-27-2022 15:58:06 : INFO : loggers : Plotting a histogram
08-27-2022 15:58:07 : INFO : loggers : Successfully Instantiated Preprocessing Class Object
08-27-2022 15:58:07 : INFO : loggers : Successfully Instantiated Preprocessing Class Object
08-27-2022 15:58:07 : INFO : loggers : Successfully Instantiated Preprocessing Class Object
08-27-2022 15:58:07 : INFO : loggers : Successfully Instantiated Preprocessing Class Object
08-27-2022 15:58:07 : INFO : loggers : Successfully Instantiated Preprocessing Class Object
08-27-2022 15:58:07 : INFO : loggers : Successfully Instantiated Preprocessing Class Object
08-27-2022 15:58:07 : INFO : loggers : Successfully Instantiated Preprocessing Class Object
08-27-2022 15:58:08 : INFO : loggers : Plotting a histogram
08-27-2022 15:58:08 : INFO : loggers : Plotting a histogram
08-27-2022 15:58:08 : INFO : loggers : Plotting a histogram
08-27-2022 15:58:08 : INFO : loggers : Plotting a histogram
08-27-2022 15:58:08 : INFO : loggers : Plotting a histogram
08-27-2022 15:58:08 : INFO : loggers : Plotting a histogram
08-27-2022 15:58:08 : INFO : loggers : Plotting a histogram
08-27-2022 15:58:09 : INFO : loggers : Successfully Instantiated Preprocessing Class Object
08-27-2022 15:58:09 : INFO : loggers : Successfully Instantiated Preprocessing Class Object
08-27-2022 15:58:09 : INFO : loggers : Successfully Instantiated Preprocessing Class Object
08-27-2022 15:58:09 : INFO : loggers : Successfully Instantiated Preprocessing Class Object
08-27-2022 15:58:09 : INFO : loggers : Successfully Instantiated Preprocessing Class Object
08-27-2022 15:58:09 : INFO : loggers : Successfully Instantiated Preprocessing Class Object
08-27-2022 15:58:09 : INFO : loggers : Successfully Instantiated Preprocessing Class Object
08-27-2022 15:58:09 : INFO : loggers : Successfully Instantiated Preprocessing Class Object
08-27-2022 15:58:10 : INFO : loggers : Plotting a histogram
08-27-2022 15:58:10 : INFO : loggers : Plotting a histogram
08-27-2022 15:58:10 : INFO : loggers : Plotting a histogram
08-27-2022 15:58:10 : INFO : loggers : Plotting a histogram
08-27-2022 15:58:10 : INFO : loggers : Plotting a histogram
08-27-2022 15:58:10 : INFO : loggers : Plotting a histogram
08-27-2022 15:58:10 : INFO : loggers : Plotting a histogram
08-27-2022 15:58:10 : INFO : loggers : Plotting a histogram
08-27-2022 15:58:13 : INFO : loggers : Successfully Instantiated Preprocessing Class Object
08-27-2022 15:58:13 : INFO : loggers : Successfully Instantiated Preprocessing Class Object
08-27-2022 15:58:13 : INFO : loggers : Successfully Instantiated Preprocessing Class Object
08-27-2022 15:58:13 : INFO : loggers : Successfully Instantiated Preprocessing Class Object
08-27-2022 15:58:13 : INFO : loggers : Successfully Instantiated Preprocessing Class Object
08-27-2022 15:58:13 : INFO : loggers : Successfully Instantiated Preprocessing Class Object
08-27-2022 15:58:13 : INFO : loggers : Successfully Instantiated Preprocessing Class Object
08-27-2022 15:58:13 : INFO : loggers : Successfully Instantiated Preprocessing Class Object
08-27-2022 15:58:13 : INFO : loggers : Successfully Instantiated Preprocessing Class Object
08-27-2022 15:58:13 : INFO : loggers : Plotting a scatter plot
08-27-2022 15:58:13 : INFO : loggers : Plotting a scatter plot
08-27-2022 15:58:13 : INFO : loggers : Plotting a scatter plot
08-27-2022 15:58:13 : INFO : loggers : Plotting a scatter plot
08-27-2022 15:58:13 : INFO : loggers : Plotting a scatter plot
08-27-2022 15:58:13 : INFO : loggers : Plotting a scatter plot
08-27-2022 15:58:13 : INFO : loggers : Plotting a scatter plot
08-27-2022 15:58:13 : INFO : loggers : Plotting a scatter plot
08-27-2022 15:58:13 : INFO : loggers : Plotting a scatter plot
08-27-2022 15:58:14 : INFO : loggers : Successfully Instantiated Preprocessing Class Object
08-27-2022 15:58:14 : INFO : loggers : Successfully Instantiated Preprocessing Class Object
08-27-2022 15:58:14 : INFO : loggers : Successfully Instantiated Preprocessing Class Object
08-27-2022 15:58:14 : INFO : loggers : Successfully Instantiated Preprocessing Class Object
08-27-2022 15:58:14 : INFO : loggers : Successfully Instantiated Preprocessing Class Object
08-27-2022 15:58:14 : INFO : loggers : Successfully Instantiated Preprocessing Class Object
08-27-2022 15:58:14 : INFO : loggers : Successfully Instantiated Preprocessing Class Object
08-27-2022 15:58:14 : INFO : loggers : Successfully Instantiated Preprocessing Class Object
08-27-2022 15:58:14 : INFO : loggers : Successfully Instantiated Preprocessing Class Object
08-27-2022 15:58:14 : INFO : loggers : Successfully Instantiated Preprocessing Class Object
08-27-2022 15:58:14 : INFO : loggers : Plotting a scatter plot
08-27-2022 15:58:14 : INFO : loggers : Plotting a scatter plot
08-27-2022 15:58:14 : INFO : loggers : Plotting a scatter plot
08-27-2022 15:58:14 : INFO : loggers : Plotting a scatter plot
08-27-2022 15:58:14 : INFO : loggers : Plotting a scatter plot
08-27-2022 15:58:14 : INFO : loggers : Plotting a scatter plot
08-27-2022 15:58:14 : INFO : loggers : Plotting a scatter plot
08-27-2022 15:58:14 : INFO : loggers : Plotting a scatter plot
08-27-2022 15:58:14 : INFO : loggers : Plotting a scatter plot
08-27-2022 15:58:14 : INFO : loggers : Plotting a scatter plot
08-27-2022 15:58:15 : INFO : loggers : Successfully Instantiated Preprocessing Class Object
08-27-2022 15:58:15 : INFO : loggers : Successfully Instantiated Preprocessing Class Object
08-27-2022 15:58:15 : INFO : loggers : Successfully Instantiated Preprocessing Class Object
08-27-2022 15:58:15 : INFO : loggers : Successfully Instantiated Preprocessing Class Object
08-27-2022 15:58:15 : INFO : loggers : Successfully Instantiated Preprocessing Class Object
08-27-2022 15:58:15 : INFO : loggers : Successfully Instantiated Preprocessing Class Object
08-27-2022 15:58:15 : INFO : loggers : Successfully Instantiated Preprocessing Class Object
08-27-2022 15:58:15 : INFO : loggers : Successfully Instantiated Preprocessing Class Object
08-27-2022 15:58:15 : INFO : loggers : Successfully Instantiated Preprocessing Class Object
08-27-2022 15:58:15 : INFO : loggers : Successfully Instantiated Preprocessing Class Object
08-27-2022 15:58:15 : INFO : loggers : Successfully Instantiated Preprocessing Class Object
08-27-2022 15:58:15 : INFO : loggers : Plotting a scatter plot
08-27-2022 15:58:15 : INFO : loggers : Plotting a scatter plot
08-27-2022 15:58:15 : INFO : loggers : Plotting a scatter plot
08-27-2022 15:58:15 : INFO : loggers : Plotting a scatter plot
08-27-2022 15:58:15 : INFO : loggers : Plotting a scatter plot
08-27-2022 15:58:15 : INFO : loggers : Plotting a scatter plot
08-27-2022 15:58:15 : INFO : loggers : Plotting a scatter plot
08-27-2022 15:58:15 : INFO : loggers : Plotting a scatter plot
08-27-2022 15:58:15 : INFO : loggers : Plotting a scatter plot
08-27-2022 15:58:15 : INFO : loggers : Plotting a scatter plot
08-27-2022 15:58:15 : INFO : loggers : Plotting a scatter plot
08-27-2022 15:58:16 : INFO : loggers : Successfully Instantiated Preprocessing Class Object
08-27-2022 15:58:16 : INFO : loggers : Successfully Instantiated Preprocessing Class Object
08-27-2022 15:58:16 : INFO : loggers : Successfully Instantiated Preprocessing Class Object
08-27-2022 15:58:16 : INFO : loggers : Successfully Instantiated Preprocessing Class Object
08-27-2022 15:58:16 : INFO : loggers : Successfully Instantiated Preprocessing Class Object
08-27-2022 15:58:16 : INFO : loggers : Successfully Instantiated Preprocessing Class Object
08-27-2022 15:58:16 : INFO : loggers : Successfully Instantiated Preprocessing Class Object
08-27-2022 15:58:16 : INFO : loggers : Successfully Instantiated Preprocessing Class Object
08-27-2022 15:58:16 : INFO : loggers : Successfully Instantiated Preprocessing Class Object
08-27-2022 15:58:16 : INFO : loggers : Successfully Instantiated Preprocessing Class Object
08-27-2022 15:58:16 : INFO : loggers : Successfully Instantiated Preprocessing Class Object
08-27-2022 15:58:16 : INFO : loggers : Successfully Instantiated Preprocessing Class Object
08-27-2022 15:58:16 : INFO : loggers : Plotting a scatter plot
08-27-2022 15:58:16 : INFO : loggers : Plotting a scatter plot
08-27-2022 15:58:16 : INFO : loggers : Plotting a scatter plot
08-27-2022 15:58:16 : INFO : loggers : Plotting a scatter plot
08-27-2022 15:58:16 : INFO : loggers : Plotting a scatter plot
08-27-2022 15:58:16 : INFO : loggers : Plotting a scatter plot
08-27-2022 15:58:16 : INFO : loggers : Plotting a scatter plot
08-27-2022 15:58:16 : INFO : loggers : Plotting a scatter plot
08-27-2022 15:58:16 : INFO : loggers : Plotting a scatter plot
08-27-2022 15:58:16 : INFO : loggers : Plotting a scatter plot
08-27-2022 15:58:16 : INFO : loggers : Plotting a scatter plot
08-27-2022 15:58:16 : INFO : loggers : Plotting a scatter plot
08-27-2022 15:58:17 : INFO : loggers : Successfully Instantiated Preprocessing Class Object
08-27-2022 15:58:17 : INFO : loggers : Successfully Instantiated Preprocessing Class Object
08-27-2022 15:58:17 : INFO : loggers : Successfully Instantiated Preprocessing Class Object
08-27-2022 15:58:17 : INFO : loggers : Successfully Instantiated Preprocessing Class Object
08-27-2022 15:58:17 : INFO : loggers : Successfully Instantiated Preprocessing Class Object
08-27-2022 15:58:17 : INFO : loggers : Successfully Instantiated Preprocessing Class Object
08-27-2022 15:58:17 : INFO : loggers : Successfully Instantiated Preprocessing Class Object
08-27-2022 15:58:17 : INFO : loggers : Successfully Instantiated Preprocessing Class Object
08-27-2022 15:58:17 : INFO : loggers : Successfully Instantiated Preprocessing Class Object
08-27-2022 15:58:17 : INFO : loggers : Successfully Instantiated Preprocessing Class Object
08-27-2022 15:58:17 : INFO : loggers : Successfully Instantiated Preprocessing Class Object
08-27-2022 15:58:17 : INFO : loggers : Successfully Instantiated Preprocessing Class Object
08-27-2022 15:58:17 : INFO : loggers : Successfully Instantiated Preprocessing Class Object
08-27-2022 15:58:17 : INFO : loggers : Plotting a scatter plot
08-27-2022 15:58:17 : INFO : loggers : Plotting a scatter plot
08-27-2022 15:58:17 : INFO : loggers : Plotting a scatter plot
08-27-2022 15:58:17 : INFO : loggers : Plotting a scatter plot
08-27-2022 15:58:17 : INFO : loggers : Plotting a scatter plot
08-27-2022 15:58:17 : INFO : loggers : Plotting a scatter plot
08-27-2022 15:58:17 : INFO : loggers : Plotting a scatter plot
08-27-2022 15:58:17 : INFO : loggers : Plotting a scatter plot
08-27-2022 15:58:17 : INFO : loggers : Plotting a scatter plot
08-27-2022 15:58:17 : INFO : loggers : Plotting a scatter plot
08-27-2022 15:58:17 : INFO : loggers : Plotting a scatter plot
08-27-2022 15:58:17 : INFO : loggers : Plotting a scatter plot
08-27-2022 15:58:17 : INFO : loggers : Plotting a scatter plot
08-27-2022 15:58:54 : INFO : loggers : Successfully Instantiated Preprocessing Class Object
08-27-2022 15:58:54 : INFO : loggers : Successfully Instantiated Preprocessing Class Object
08-27-2022 15:58:54 : INFO : loggers : Successfully Instantiated Preprocessing Class Object
08-27-2022 15:58:54 : INFO : loggers : Successfully Instantiated Preprocessing Class Object
08-27-2022 15:58:54 : INFO : loggers : Successfully Instantiated Preprocessing Class Object
08-27-2022 15:58:54 : INFO : loggers : Successfully Instantiated Preprocessing Class Object
08-27-2022 15:58:54 : INFO : loggers : Successfully Instantiated Preprocessing Class Object
08-27-2022 15:58:54 : INFO : loggers : Successfully Instantiated Preprocessing Class Object
08-27-2022 15:58:54 : INFO : loggers : Successfully Instantiated Preprocessing Class Object
08-27-2022 15:58:54 : INFO : loggers : Successfully Instantiated Preprocessing Class Object
08-27-2022 15:58:54 : INFO : loggers : Successfully Instantiated Preprocessing Class Object
08-27-2022 15:58:54 : INFO : loggers : Successfully Instantiated Preprocessing Class Object
08-27-2022 15:58:54 : INFO : loggers : Successfully Instantiated Preprocessing Class Object
08-27-2022 15:58:54 : INFO : loggers : Successfully Instantiated Preprocessing Class Object
08-27-2022 15:58:54 : INFO : loggers : Plotting a bar chart
08-27-2022 15:58:54 : INFO : loggers : Plotting a bar chart
08-27-2022 15:58:54 : INFO : loggers : Plotting a bar chart
08-27-2022 15:58:54 : INFO : loggers : Plotting a bar chart
08-27-2022 15:58:54 : INFO : loggers : Plotting a bar chart
08-27-2022 15:58:54 : INFO : loggers : Plotting a bar chart
08-27-2022 15:58:54 : INFO : loggers : Plotting a bar chart
08-27-2022 15:58:54 : INFO : loggers : Plotting a bar chart
08-27-2022 15:58:54 : INFO : loggers : Plotting a bar chart
08-27-2022 15:58:54 : INFO : loggers : Plotting a bar chart
08-27-2022 15:58:54 : INFO : loggers : Plotting a bar chart
08-27-2022 15:58:54 : INFO : loggers : Plotting a bar chart
08-27-2022 15:58:54 : INFO : loggers : Plotting a bar chart
08-27-2022 15:58:54 : INFO : loggers : Plotting a bar chart
08-27-2022 15:59:08 : INFO : loggers : Successfully Instantiated Preprocessing Class Object
08-27-2022 15:59:08 : INFO : loggers : Successfully Instantiated Preprocessing Class Object
08-27-2022 15:59:08 : INFO : loggers : Successfully Instantiated Preprocessing Class Object
08-27-2022 15:59:08 : INFO : loggers : Successfully Instantiated Preprocessing Class Object
08-27-2022 15:59:08 : INFO : loggers : Successfully Instantiated Preprocessing Class Object
08-27-2022 15:59:08 : INFO : loggers : Successfully Instantiated Preprocessing Class Object
08-27-2022 15:59:08 : INFO : loggers : Successfully Instantiated Preprocessing Class Object
08-27-2022 15:59:08 : INFO : loggers : Successfully Instantiated Preprocessing Class Object
08-27-2022 15:59:08 : INFO : loggers : Successfully Instantiated Preprocessing Class Object
08-27-2022 15:59:08 : INFO : loggers : Successfully Instantiated Preprocessing Class Object
08-27-2022 15:59:08 : INFO : loggers : Successfully Instantiated Preprocessing Class Object
08-27-2022 15:59:08 : INFO : loggers : Successfully Instantiated Preprocessing Class Object
08-27-2022 15:59:08 : INFO : loggers : Successfully Instantiated Preprocessing Class Object
08-27-2022 15:59:08 : INFO : loggers : Successfully Instantiated Preprocessing Class Object
08-27-2022 15:59:08 : INFO : loggers : Successfully Instantiated Preprocessing Class Object
08-27-2022 15:59:09 : INFO : loggers : Plotting a bar chart
08-27-2022 15:59:09 : INFO : loggers : Plotting a bar chart
08-27-2022 15:59:09 : INFO : loggers : Plotting a bar chart
08-27-2022 15:59:09 : INFO : loggers : Plotting a bar chart
08-27-2022 15:59:09 : INFO : loggers : Plotting a bar chart
08-27-2022 15:59:09 : INFO : loggers : Plotting a bar chart
08-27-2022 15:59:09 : INFO : loggers : Plotting a bar chart
08-27-2022 15:59:09 : INFO : loggers : Plotting a bar chart
08-27-2022 15:59:09 : INFO : loggers : Plotting a bar chart
08-27-2022 15:59:09 : INFO : loggers : Plotting a bar chart
08-27-2022 15:59:09 : INFO : loggers : Plotting a bar chart
08-27-2022 15:59:09 : INFO : loggers : Plotting a bar chart
08-27-2022 15:59:09 : INFO : loggers : Plotting a bar chart
08-27-2022 15:59:09 : INFO : loggers : Plotting a bar chart
08-27-2022 15:59:09 : INFO : loggers : Plotting a bar chart
08-27-2022 15:59:10 : INFO : loggers : Successfully Instantiated Preprocessing Class Object
08-27-2022 15:59:10 : INFO : loggers : Successfully Instantiated Preprocessing Class Object
08-27-2022 15:59:10 : INFO : loggers : Successfully Instantiated Preprocessing Class Object
08-27-2022 15:59:10 : INFO : loggers : Successfully Instantiated Preprocessing Class Object
08-27-2022 15:59:10 : INFO : loggers : Successfully Instantiated Preprocessing Class Object
08-27-2022 15:59:10 : INFO : loggers : Successfully Instantiated Preprocessing Class Object
08-27-2022 15:59:10 : INFO : loggers : Successfully Instantiated Preprocessing Class Object
08-27-2022 15:59:10 : INFO : loggers : Successfully Instantiated Preprocessing Class Object
08-27-2022 15:59:10 : INFO : loggers : Successfully Instantiated Preprocessing Class Object
08-27-2022 15:59:10 : INFO : loggers : Successfully Instantiated Preprocessing Class Object
08-27-2022 15:59:10 : INFO : loggers : Successfully Instantiated Preprocessing Class Object
08-27-2022 15:59:10 : INFO : loggers : Successfully Instantiated Preprocessing Class Object
08-27-2022 15:59:10 : INFO : loggers : Successfully Instantiated Preprocessing Class Object
08-27-2022 15:59:10 : INFO : loggers : Successfully Instantiated Preprocessing Class Object
08-27-2022 15:59:10 : INFO : loggers : Successfully Instantiated Preprocessing Class Object
08-27-2022 15:59:10 : INFO : loggers : Successfully Instantiated Preprocessing Class Object
08-27-2022 15:59:11 : INFO : loggers : Plotting a bar chart
08-27-2022 15:59:11 : INFO : loggers : Plotting a bar chart
08-27-2022 15:59:11 : INFO : loggers : Plotting a bar chart
08-27-2022 15:59:11 : INFO : loggers : Plotting a bar chart
08-27-2022 15:59:11 : INFO : loggers : Plotting a bar chart
08-27-2022 15:59:11 : INFO : loggers : Plotting a bar chart
08-27-2022 15:59:11 : INFO : loggers : Plotting a bar chart
08-27-2022 15:59:11 : INFO : loggers : Plotting a bar chart
08-27-2022 15:59:11 : INFO : loggers : Plotting a bar chart
08-27-2022 15:59:11 : INFO : loggers : Plotting a bar chart
08-27-2022 15:59:11 : INFO : loggers : Plotting a bar chart
08-27-2022 15:59:11 : INFO : loggers : Plotting a bar chart
08-27-2022 15:59:11 : INFO : loggers : Plotting a bar chart
08-27-2022 15:59:11 : INFO : loggers : Plotting a bar chart
08-27-2022 15:59:11 : INFO : loggers : Plotting a bar chart
08-27-2022 15:59:11 : INFO : loggers : Plotting a bar chart
08-27-2022 16:47:04 : INFO : loggers : Successfully Instantiated Preprocessing Class Object
08-27-2022 16:47:17 : INFO : loggers : Successfully Instantiated Preprocessing Class Object
08-27-2022 16:47:17 : INFO : loggers : Successfully Instantiated Preprocessing Class Object
08-27-2022 16:50:25 : INFO : loggers : Successfully Instantiated Outlier Class Object
08-27-2022 16:50:25 : INFO : loggers : Successfully Instantiated Outlier Class Object
08-27-2022 16:52:50 : INFO : loggers : Successfully Instantiated Preprocessing Class Object
08-27-2022 16:52:50 : INFO : loggers : Successfully Instantiated Preprocessing Class Object
08-27-2022 16:52:50 : INFO : loggers : Successfully Instantiated Preprocessing Class Object
08-27-2022 16:58:10 : INFO : loggers : Successfully Instantiated Preprocessing Class Object
08-27-2022 16:58:10 : INFO : loggers : Successfully Instantiated Preprocessing Class Object
08-27-2022 16:58:10 : INFO : loggers : Successfully Instantiated Preprocessing Class Object
08-27-2022 16:58:10 : INFO : loggers : Successfully Instantiated Preprocessing Class Object
08-27-2022 16:59:40 : INFO : loggers : Handled outliers from the dataset successfully using np.log
08-27-2022 16:59:40 : INFO : loggers : Handled outliers from the dataset successfully using np.log
08-27-2022 16:59:40 : INFO : loggers : Handled outliers from the dataset successfully using np.log
08-27-2022 16:59:40 : INFO : loggers : Handled outliers from the dataset successfully using np.log
08-27-2022 17:03:25 : INFO : loggers : Successfully Instantiated Preprocessing Class Object
08-27-2022 17:03:25 : INFO : loggers : Successfully Instantiated Preprocessing Class Object
08-27-2022 17:03:25 : INFO : loggers : Successfully Instantiated Preprocessing Class Object
08-27-2022 17:03:25 : INFO : loggers : Successfully Instantiated Preprocessing Class Object
08-27-2022 17:03:25 : INFO : loggers : Successfully Instantiated Preprocessing Class Object
08-27-2022 17:04:01 : INFO : loggers : Successfully Instantiated Preprocessing Class Object
08-27-2022 17:04:01 : INFO : loggers : Successfully Instantiated Preprocessing Class Object
08-27-2022 17:04:01 : INFO : loggers : Successfully Instantiated Preprocessing Class Object
08-27-2022 17:04:01 : INFO : loggers : Successfully Instantiated Preprocessing Class Object
08-27-2022 17:04:01 : INFO : loggers : Successfully Instantiated Preprocessing Class Object
08-27-2022 17:04:01 : INFO : loggers : Successfully Instantiated Preprocessing Class Object
08-27-2022 17:04:40 : INFO : loggers : Successfully Instantiated Preprocessing Class Object
08-27-2022 17:04:40 : INFO : loggers : Successfully Instantiated Preprocessing Class Object
08-27-2022 17:04:40 : INFO : loggers : Successfully Instantiated Preprocessing Class Object
08-27-2022 17:04:40 : INFO : loggers : Successfully Instantiated Preprocessing Class Object
08-27-2022 17:04:40 : INFO : loggers : Successfully Instantiated Preprocessing Class Object
08-27-2022 17:04:40 : INFO : loggers : Successfully Instantiated Preprocessing Class Object
08-27-2022 17:04:40 : INFO : loggers : Successfully Instantiated Preprocessing Class Object
08-27-2022 17:07:50 : INFO : loggers : Successfully Instantiated Preprocessing Class Object
08-27-2022 17:07:50 : INFO : loggers : Successfully Instantiated Outlier Class Object
08-27-2022 17:41:36 : INFO : loggers : # Centroids of the clustering:
[[0.08009894 0.85048028 0.51926622]
 [0.07818572 0.90938692 0.40752989]
 [0.07670908 0.87904351 0.47018571]]
08-27-2022 17:41:36 : INFO : loggers : # The number of iterations required to converge: 55.23557709160564
08-27-2022 17:41:36 : INFO : loggers : # The number of iterations required to converge: 11
08-27-2022 17:41:51 : INFO : loggers : Plotting a pie chart
08-27-2022 17:43:03 : INFO : loggers : Plotting a bar chart
08-27-2022 17:44:30 : INFO : loggers : The optimal number of cluster is: 3
08-27-2022 18:10:53 : INFO : loggers : Successfully Instantiated Preprocessing Class Object
08-27-2022 18:10:54 : INFO : loggers : Plotting a bar chart
08-27-2022 18:11:16 : INFO : loggers : Successfully Instantiated Preprocessing Class Object
08-27-2022 18:11:16 : INFO : loggers : Successfully Instantiated Preprocessing Class Object
08-27-2022 18:11:16 : INFO : loggers : Plotting a bar chart
08-27-2022 18:11:16 : INFO : loggers : Plotting a bar chart
08-27-2022 18:13:39 : INFO : loggers : # Centroids of the clustering:
[[0.20689769 0.2980274  0.92932316]
 [0.22541363 0.49288043 0.83696843]
 [0.2305882  0.62267284 0.74307841]]
08-27-2022 18:13:39 : INFO : loggers : # Centroids of the clustering:
[[0.20689769 0.2980274  0.92932316]
 [0.22541363 0.49288043 0.83696843]
 [0.2305882  0.62267284 0.74307841]]
08-27-2022 18:13:39 : INFO : loggers : # The number of iterations required to converge: 582.2178419803125
08-27-2022 18:13:39 : INFO : loggers : # The number of iterations required to converge: 582.2178419803125
08-27-2022 18:13:39 : INFO : loggers : # The number of iterations required to converge: 21
08-27-2022 18:13:39 : INFO : loggers : # The number of iterations required to converge: 21
08-27-2022 18:15:09 : INFO : loggers : Successfully Instantiated Preprocessing Class Object
08-27-2022 18:15:09 : INFO : loggers : Successfully Instantiated Preprocessing Class Object
08-27-2022 18:15:09 : INFO : loggers : Successfully Instantiated Preprocessing Class Object
08-27-2022 18:15:09 : INFO : loggers : Plotting a pie chart
08-27-2022 18:15:09 : INFO : loggers : Plotting a pie chart
08-27-2022 18:15:09 : INFO : loggers : Plotting a pie chart
08-27-2022 18:15:45 : INFO : loggers : Successfully Instantiated Preprocessing Class Object
08-27-2022 18:15:45 : INFO : loggers : Successfully Instantiated Preprocessing Class Object
08-27-2022 18:15:45 : INFO : loggers : Successfully Instantiated Preprocessing Class Object
08-27-2022 18:15:45 : INFO : loggers : Successfully Instantiated Preprocessing Class Object
08-27-2022 18:15:45 : INFO : loggers : Plotting a pie chart
08-27-2022 18:15:45 : INFO : loggers : Plotting a pie chart
08-27-2022 18:15:45 : INFO : loggers : Plotting a pie chart
08-27-2022 18:15:45 : INFO : loggers : Plotting a pie chart
08-27-2022 20:05:52 : INFO : loggers : Successfully Instantiated Preprocessing Class Object
08-27-2022 20:05:52 : INFO : loggers : Plotting a bar chart
